<?xml version="1.0" encoding="UTF-8"?>
<testsuite name="AccountServiceTest" tests="1" skipped="0" failures="0" errors="0" timestamp="2022-08-16T14:57:14" hostname="LAPTOP-VBFHQFG2" time="55.997">
  <properties/>
  <testcase name="start" classname="AccountServiceTest" time="55.997"/>
  <system-out><![CDATA[?[1;31m
Start test 1?[0m

  .   ____          _            __ _ _
 /\\ / ___'_ __ _ _(_)_ __  __ _ \ \ \ \
( ( )\___ | '_ | '_| | '_ \/ _` | \ \ \ \
 \\/  ___)| |_)| | | | | || (_| |  ) ) ) )
  '  |____| .__|_| |_|_| |_\__, | / / / /
 =========|_|==============|___/=/_/_/_/
 :: Spring Boot ::        (v2.3.1.RELEASE)

2022-08-16 17:57:15.582  INFO 12148 --- [    Test worker] account.AccountServiceApplication        : Starting AccountServiceApplication on LAPTOP-VBFHQFG2 with PID 12148 (started by Ansis in C:\Users\Ansis\Desktop\maven\Account Service\Account Service\task)
2022-08-16 17:57:15.586  INFO 12148 --- [    Test worker] account.AccountServiceApplication        : No active profile set, falling back to default profiles: default
2022-08-16 17:57:16.634  INFO 12148 --- [    Test worker] .s.d.r.c.RepositoryConfigurationDelegate : Bootstrapping Spring Data JPA repositories in DEFERRED mode.
2022-08-16 17:57:16.698  INFO 12148 --- [    Test worker] .s.d.r.c.RepositoryConfigurationDelegate : Finished Spring Data repository scanning in 56ms. Found 3 JPA repository interfaces.
2022-08-16 17:57:17.052  INFO 12148 --- [    Test worker] trationDelegate$BeanPostProcessorChecker : Bean 'org.springframework.security.access.expression.method.DefaultMethodSecurityExpressionHandler@733e6df7' of type [org.springframework.security.access.expression.method.DefaultMethodSecurityExpressionHandler] is not eligible for getting processed by all BeanPostProcessors (for example: not eligible for auto-proxying)
2022-08-16 17:57:17.055  INFO 12148 --- [    Test worker] trationDelegate$BeanPostProcessorChecker : Bean 'methodSecurityConfig' of type [account.securityConfig.MethodSecurityConfig$$EnhancerBySpringCGLIB$$28018aba] is not eligible for getting processed by all BeanPostProcessors (for example: not eligible for auto-proxying)
2022-08-16 17:57:17.063  INFO 12148 --- [    Test worker] trationDelegate$BeanPostProcessorChecker : Bean 'methodSecurityMetadataSource' of type [org.springframework.security.access.method.DelegatingMethodSecurityMetadataSource] is not eligible for getting processed by all BeanPostProcessors (for example: not eligible for auto-proxying)
2022-08-16 17:57:17.347  INFO 12148 --- [    Test worker] o.s.b.w.embedded.tomcat.TomcatWebServer  : Tomcat initialized with port(s): 28852 (http)
2022-08-16 17:57:17.358  INFO 12148 --- [    Test worker] o.apache.catalina.core.StandardService   : Starting service [Tomcat]
2022-08-16 17:57:17.359  INFO 12148 --- [    Test worker] org.apache.catalina.core.StandardEngine  : Starting Servlet engine: [Apache Tomcat/9.0.36]
2022-08-16 17:57:17.456  INFO 12148 --- [    Test worker] o.a.c.c.C.[Tomcat].[localhost].[/]       : Initializing Spring embedded WebApplicationContext
2022-08-16 17:57:17.457  INFO 12148 --- [    Test worker] w.s.c.ServletWebServerApplicationContext : Root WebApplicationContext: initialization completed in 1824 ms
2022-08-16 17:57:17.607  INFO 12148 --- [    Test worker] com.zaxxer.hikari.HikariDataSource       : HikariPool-1 - Starting...
2022-08-16 17:57:17.772  INFO 12148 --- [    Test worker] com.zaxxer.hikari.HikariDataSource       : HikariPool-1 - Start completed.
2022-08-16 17:57:17.778  INFO 12148 --- [    Test worker] o.s.b.a.h2.H2ConsoleAutoConfiguration    : H2 console available at '/h2-console'. Database available at 'jdbc:h2:file:../service_db'
2022-08-16 17:57:17.935  INFO 12148 --- [    Test worker] o.s.s.concurrent.ThreadPoolTaskExecutor  : Initializing ExecutorService 'applicationTaskExecutor'
2022-08-16 17:57:17.984  INFO 12148 --- [         task-1] o.hibernate.jpa.internal.util.LogHelper  : HHH000204: Processing PersistenceUnitInfo [name: default]
2022-08-16 17:57:18.044  INFO 12148 --- [         task-1] org.hibernate.Version                    : HHH000412: Hibernate ORM core version 5.4.17.Final
2022-08-16 17:57:18.047  WARN 12148 --- [    Test worker] JpaBaseConfiguration$JpaWebConfiguration : spring.jpa.open-in-view is enabled by default. Therefore, database queries may be performed during view rendering. Explicitly configure spring.jpa.open-in-view to disable this warning
2022-08-16 17:57:18.226  INFO 12148 --- [         task-1] o.hibernate.annotations.common.Version   : HCANN000001: Hibernate Commons Annotations {5.1.0.Final}
2022-08-16 17:57:18.349  INFO 12148 --- [         task-1] org.hibernate.dialect.Dialect            : HHH000400: Using dialect: org.hibernate.dialect.H2Dialect
Hibernate: create table id (number bigint not null, primary key (number))
Hibernate: create table pay_slip (id bigint not null, date varchar(255), lastname varchar(255), name varchar(255), period varchar(255), salary varchar(255), user_email varchar(255) not null, primary key (id))
Hibernate: create table user (email varchar(255) not null, id bigint, lastname varchar(30), months binary(255), name varchar(30), password varchar(255), roles binary(255), idd bigint, primary key (email))
Hibernate: create sequence hibernate_sequence start with 1 increment by 1
Hibernate: alter table pay_slip add constraint FK6iq3q6htw3itl605wlhkcjutn foreign key (user_email) references user
Hibernate: alter table user add constraint FK3mi03cam43b65y2a7q2o4mbc0 foreign key (idd) references id
2022-08-16 17:57:19.215  INFO 12148 --- [         task-1] o.h.e.t.j.p.i.JtaPlatformInitiator       : HHH000490: Using JtaPlatform implementation: [org.hibernate.engine.transaction.jta.platform.internal.NoJtaPlatform]
2022-08-16 17:57:19.223  INFO 12148 --- [         task-1] j.LocalContainerEntityManagerFactoryBean : Initialized JPA EntityManagerFactory for persistence unit 'default'
2022-08-16 17:57:19.621  INFO 12148 --- [    Test worker] o.s.b.a.e.web.EndpointLinksResolver      : Exposing 14 endpoint(s) beneath base path '/actuator'
2022-08-16 17:57:19.681  INFO 12148 --- [    Test worker] o.s.s.web.DefaultSecurityFilterChain     : Creating filter chain: any request, [org.springframework.security.web.context.request.async.WebAsyncManagerIntegrationFilter@186f7434, org.springframework.security.web.context.SecurityContextPersistenceFilter@72e75786, org.springframework.security.web.header.HeaderWriterFilter@1d2c253, org.springframework.security.web.authentication.logout.LogoutFilter@422ba9b7, org.springframework.security.web.authentication.www.BasicAuthenticationFilter@507f47f9, org.springframework.security.web.savedrequest.RequestCacheAwareFilter@6fbc7853, org.springframework.security.web.servletapi.SecurityContextHolderAwareRequestFilter@6a04d2a4, org.springframework.security.web.authentication.AnonymousAuthenticationFilter@2374452a, org.springframework.security.web.session.SessionManagementFilter@67e4928c, org.springframework.security.web.access.ExceptionTranslationFilter@5e681097, org.springframework.security.web.access.intercept.FilterSecurityInterceptor@799fb45e]
2022-08-16 17:57:19.942  INFO 12148 --- [    Test worker] o.s.b.w.embedded.tomcat.TomcatWebServer  : Tomcat started on port(s): 28852 (http) with context path ''
2022-08-16 17:57:19.943  INFO 12148 --- [    Test worker] DeferredRepositoryInitializationListener : Triggering deferred initialization of Spring Data repositories…
2022-08-16 17:57:20.317  INFO 12148 --- [    Test worker] DeferredRepositoryInitializationListener : Spring Data repositories initialized!
2022-08-16 17:57:20.330  INFO 12148 --- [    Test worker] account.AccountServiceApplication        : Started AccountServiceApplication in 5.04 seconds (JVM running for 5.904)
2022-08-16 17:57:20.618  INFO 12148 --- [io-28852-exec-1] o.a.c.c.C.[Tomcat].[localhost].[/]       : Initializing Spring DispatcherServlet 'dispatcherServlet'
2022-08-16 17:57:20.618  INFO 12148 --- [io-28852-exec-1] o.s.web.servlet.DispatcherServlet        : Initializing Servlet 'dispatcherServlet'
2022-08-16 17:57:20.626  INFO 12148 --- [io-28852-exec-1] o.s.web.servlet.DispatcherServlet        : Completed initialization in 8 ms


REGISTRATION


Doe
JohnDoe@acme.com
oMoa3VvqnLxW
********************
?[1;31m
Start test 2?[0m


REGISTRATION

null
Doe
JohnDoe@acme.com
oMoa3VvqnLxW
********************
?[1;31m
Start test 3?[0m


REGISTRATION

John

JohnDoe@acme.com
oMoa3VvqnLxW
********************
?[1;31m
Start test 4?[0m


REGISTRATION

John
null
JohnDoe@acme.com
oMoa3VvqnLxW
********************
?[1;31m
Start test 5?[0m


REGISTRATION

John
Doe

oMoa3VvqnLxW
********************
?[1;31m
Start test 6?[0m


REGISTRATION

John
Doe
null
oMoa3VvqnLxW
********************
?[1;31m
Start test 7?[0m


REGISTRATION

John
Doe
JohnDoe@acme.com

********************
?[1;31m
Start test 8?[0m


REGISTRATION

John
Doe
JohnDoe@acme.com
null
********************
?[1;31m
Start test 9?[0m


REGISTRATION

John
Doe
johndoeacme.com
oMoa3VvqnLxW
********************
?[1;31m
Start test 10?[0m


REGISTRATION

John
Doe
johndoe@google.com
oMoa3VvqnLxW
********************
?[1;31m
Start test 11?[0m


REGISTRATION

John
Doe
JohnDoe@acme.com
PasswordForJanuary
********************
Hibernate: select count(*) as col_0_0_ from user user0_ where user0_.email=?


REGISTRATION

John
Doe
JohnDoe@acme.com
PasswordForFebruary
********************
Hibernate: select count(*) as col_0_0_ from user user0_ where user0_.email=?


REGISTRATION

John
Doe
JohnDoe@acme.com
PasswordForMarch
********************
Hibernate: select count(*) as col_0_0_ from user user0_ where user0_.email=?


REGISTRATION

John
Doe
JohnDoe@acme.com
PasswordForApril
********************
Hibernate: select count(*) as col_0_0_ from user user0_ where user0_.email=?


REGISTRATION

John
Doe
JohnDoe@acme.com
PasswordForMay
********************
Hibernate: select count(*) as col_0_0_ from user user0_ where user0_.email=?


REGISTRATION

John
Doe
JohnDoe@acme.com
PasswordForJune
********************
Hibernate: select count(*) as col_0_0_ from user user0_ where user0_.email=?


REGISTRATION

John
Doe
JohnDoe@acme.com
PasswordForJuly
********************
Hibernate: select count(*) as col_0_0_ from user user0_ where user0_.email=?


REGISTRATION

John
Doe
JohnDoe@acme.com
PasswordForAugust
********************
Hibernate: select count(*) as col_0_0_ from user user0_ where user0_.email=?


REGISTRATION

John
Doe
JohnDoe@acme.com
PasswordForSeptember
********************
Hibernate: select count(*) as col_0_0_ from user user0_ where user0_.email=?


REGISTRATION

John
Doe
JohnDoe@acme.com
PasswordForOctober
********************
Hibernate: select count(*) as col_0_0_ from user user0_ where user0_.email=?


REGISTRATION

John
Doe
JohnDoe@acme.com
PasswordForNovember
********************
Hibernate: select count(*) as col_0_0_ from user user0_ where user0_.email=?


REGISTRATION

John
Doe
JohnDoe@acme.com
PasswordForDecember
********************
Hibernate: select count(*) as col_0_0_ from user user0_ where user0_.email=?
?[1;31m
Start test 12?[0m


REGISTRATION

John
Doe
JohnDoe@acme.com
oMoa3VvqnLxW
********************
Hibernate: select count(*) as col_0_0_ from user user0_ where user0_.email=?
SAVED!!!

Hibernate: select count(*) as col_0_0_ from user user0_
Hibernate: select user0_.email as email1_2_1_, user0_.id as id2_2_1_, user0_.lastname as lastname3_2_1_, user0_.months as months4_2_1_, user0_.name as name5_2_1_, user0_.idd as idd8_2_1_, user0_.password as password6_2_1_, user0_.roles as roles7_2_1_, generalseq1_.number as number1_0_0_ from user user0_ left outer join id generalseq1_ on user0_.idd=generalseq1_.number where user0_.email=?
Hibernate: call next value for hibernate_sequence
Hibernate: insert into id (number) values (?)
Hibernate: insert into user (id, lastname, months, name, idd, password, roles, email) values (?, ?, ?, ?, ?, ?, ?, ?)
Hibernate: update user set id=?, lastname=?, months=?, name=?, idd=?, password=?, roles=? where email=?
?[1;31m
Start test 13?[0m


REGISTRATION

Max
Mustermann
maxmustermann@acme.com
ai0y9bMvyF6G
********************
Hibernate: select count(*) as col_0_0_ from user user0_ where user0_.email=?
SAVED!!!

Hibernate: select count(*) as col_0_0_ from user user0_
Hibernate: select user0_.email as email1_2_1_, user0_.id as id2_2_1_, user0_.lastname as lastname3_2_1_, user0_.months as months4_2_1_, user0_.name as name5_2_1_, user0_.idd as idd8_2_1_, user0_.password as password6_2_1_, user0_.roles as roles7_2_1_, generalseq1_.number as number1_0_0_ from user user0_ left outer join id generalseq1_ on user0_.idd=generalseq1_.number where user0_.email=?
Hibernate: call next value for hibernate_sequence
Hibernate: insert into id (number) values (?)
Hibernate: insert into user (id, lastname, months, name, idd, password, roles, email) values (?, ?, ?, ?, ?, ?, ?, ?)
Hibernate: update user set id=?, lastname=?, months=?, name=?, idd=?, password=?, roles=? where email=?
?[1;31m
Start test 14?[0m


REGISTRATION

Ivan
Ivanov
IvanIvanov@acme.com
rXoa4CvqpLxW
********************
Hibernate: select count(*) as col_0_0_ from user user0_ where user0_.email=?
SAVED!!!

Hibernate: select count(*) as col_0_0_ from user user0_
Hibernate: select user0_.email as email1_2_1_, user0_.id as id2_2_1_, user0_.lastname as lastname3_2_1_, user0_.months as months4_2_1_, user0_.name as name5_2_1_, user0_.idd as idd8_2_1_, user0_.password as password6_2_1_, user0_.roles as roles7_2_1_, generalseq1_.number as number1_0_0_ from user user0_ left outer join id generalseq1_ on user0_.idd=generalseq1_.number where user0_.email=?
Hibernate: call next value for hibernate_sequence
Hibernate: insert into id (number) values (?)
Hibernate: insert into user (id, lastname, months, name, idd, password, roles, email) values (?, ?, ?, ?, ?, ?, ?, ?)
Hibernate: update user set id=?, lastname=?, months=?, name=?, idd=?, password=?, roles=? where email=?
?[1;31m
Start test 15?[0m


REGISTRATION

Petr
Petrov
PetrPetrov@acme.com
nWza98hjkLPE
********************
Hibernate: select count(*) as col_0_0_ from user user0_ where user0_.email=?
SAVED!!!

Hibernate: select count(*) as col_0_0_ from user user0_
Hibernate: select user0_.email as email1_2_1_, user0_.id as id2_2_1_, user0_.lastname as lastname3_2_1_, user0_.months as months4_2_1_, user0_.name as name5_2_1_, user0_.idd as idd8_2_1_, user0_.password as password6_2_1_, user0_.roles as roles7_2_1_, generalseq1_.number as number1_0_0_ from user user0_ left outer join id generalseq1_ on user0_.idd=generalseq1_.number where user0_.email=?
Hibernate: call next value for hibernate_sequence
Hibernate: insert into id (number) values (?)
Hibernate: insert into user (id, lastname, months, name, idd, password, roles, email) values (?, ?, ?, ?, ?, ?, ?, ?)
Hibernate: update user set id=?, lastname=?, months=?, name=?, idd=?, password=?, roles=? where email=?
?[1;31m
Start test 16?[0m


REGISTRATION

John
Doe
JohnDoe@acme.com
oMoa3VvqnLxW
********************
Hibernate: select count(*) as col_0_0_ from user user0_ where user0_.email=?
?[1;31m
Start test 17?[0m


REGISTRATION

John
Doe
JohnDoe@acme.com
oMoa3VvqnLxW
********************
Hibernate: select count(*) as col_0_0_ from user user0_ where user0_.email=?
?[1;31m
Start test 18?[0m


REGISTRATION

John
Doe
johndoe@acme.com
oMoa3VvqnLxW
********************
Hibernate: select count(*) as col_0_0_ from user user0_ where user0_.email=?
?[1;31m
Start test 19?[0m
Hibernate: select user0_.email as email1_2_, user0_.id as id2_2_, user0_.lastname as lastname3_2_, user0_.months as months4_2_, user0_.name as name5_2_, user0_.idd as idd8_2_, user0_.password as password6_2_, user0_.roles as roles7_2_ from user user0_ where user0_.email=?
Hibernate: select generalseq0_.number as number1_0_0_, user1_.email as email1_2_1_, user1_.id as id2_2_1_, user1_.lastname as lastname3_2_1_, user1_.months as months4_2_1_, user1_.name as name5_2_1_, user1_.idd as idd8_2_1_, user1_.password as password6_2_1_, user1_.roles as roles7_2_1_ from id generalseq0_ left outer join user user1_ on generalseq0_.number=user1_.idd where generalseq0_.number=?
Hibernate: select user0_.email as email1_2_1_, user0_.id as id2_2_1_, user0_.lastname as lastname3_2_1_, user0_.months as months4_2_1_, user0_.name as name5_2_1_, user0_.idd as idd8_2_1_, user0_.password as password6_2_1_, user0_.roles as roles7_2_1_, generalseq1_.number as number1_0_0_ from user user0_ left outer join id generalseq1_ on user0_.idd=generalseq1_.number where user0_.idd=?


******PAYMENT********
maxmustermann@acme.com
Hibernate: select user0_.email as email1_2_0_, user0_.id as id2_2_0_, user0_.lastname as lastname3_2_0_, user0_.months as months4_2_0_, user0_.name as name5_2_0_, user0_.idd as idd8_2_0_, user0_.password as password6_2_0_, user0_.roles as roles7_2_0_, generalseq1_.number as number1_0_1_ from user user0_ left outer join id generalseq1_ on user0_.idd=generalseq1_.number where user0_.email=?
Hibernate: select payslips0_.user_email as user_ema7_1_0_, payslips0_.id as id1_1_0_, payslips0_.id as id1_1_1_, payslips0_.date as date2_1_1_, payslips0_.lastname as lastname3_1_1_, payslips0_.name as name4_1_1_, payslips0_.period as period5_1_1_, payslips0_.salary as salary6_1_1_, payslips0_.user_email as user_ema7_1_1_ from pay_slip payslips0_ where payslips0_.user_email=?
?[1;31m
Start test 20?[0m
Hibernate: select user0_.email as email1_2_, user0_.id as id2_2_, user0_.lastname as lastname3_2_, user0_.months as months4_2_, user0_.name as name5_2_, user0_.idd as idd8_2_, user0_.password as password6_2_, user0_.roles as roles7_2_ from user user0_ where user0_.email=?
Hibernate: select generalseq0_.number as number1_0_0_, user1_.email as email1_2_1_, user1_.id as id2_2_1_, user1_.lastname as lastname3_2_1_, user1_.months as months4_2_1_, user1_.name as name5_2_1_, user1_.idd as idd8_2_1_, user1_.password as password6_2_1_, user1_.roles as roles7_2_1_ from id generalseq0_ left outer join user user1_ on generalseq0_.number=user1_.idd where generalseq0_.number=?
Hibernate: select user0_.email as email1_2_1_, user0_.id as id2_2_1_, user0_.lastname as lastname3_2_1_, user0_.months as months4_2_1_, user0_.name as name5_2_1_, user0_.idd as idd8_2_1_, user0_.password as password6_2_1_, user0_.roles as roles7_2_1_, generalseq1_.number as number1_0_0_ from user user0_ left outer join id generalseq1_ on user0_.idd=generalseq1_.number where user0_.idd=?


******PAYMENT********
maxmustermann@acme.com
Hibernate: select user0_.email as email1_2_0_, user0_.id as id2_2_0_, user0_.lastname as lastname3_2_0_, user0_.months as months4_2_0_, user0_.name as name5_2_0_, user0_.idd as idd8_2_0_, user0_.password as password6_2_0_, user0_.roles as roles7_2_0_, generalseq1_.number as number1_0_1_ from user user0_ left outer join id generalseq1_ on user0_.idd=generalseq1_.number where user0_.email=?
Hibernate: select payslips0_.user_email as user_ema7_1_0_, payslips0_.id as id1_1_0_, payslips0_.id as id1_1_1_, payslips0_.date as date2_1_1_, payslips0_.lastname as lastname3_1_1_, payslips0_.name as name4_1_1_, payslips0_.period as period5_1_1_, payslips0_.salary as salary6_1_1_, payslips0_.user_email as user_ema7_1_1_ from pay_slip payslips0_ where payslips0_.user_email=?
?[1;31m
Start test 21?[0m
Hibernate: select user0_.email as email1_2_, user0_.id as id2_2_, user0_.lastname as lastname3_2_, user0_.months as months4_2_, user0_.name as name5_2_, user0_.idd as idd8_2_, user0_.password as password6_2_, user0_.roles as roles7_2_ from user user0_ where user0_.email=?
Hibernate: select generalseq0_.number as number1_0_0_, user1_.email as email1_2_1_, user1_.id as id2_2_1_, user1_.lastname as lastname3_2_1_, user1_.months as months4_2_1_, user1_.name as name5_2_1_, user1_.idd as idd8_2_1_, user1_.password as password6_2_1_, user1_.roles as roles7_2_1_ from id generalseq0_ left outer join user user1_ on generalseq0_.number=user1_.idd where generalseq0_.number=?
Hibernate: select user0_.email as email1_2_1_, user0_.id as id2_2_1_, user0_.lastname as lastname3_2_1_, user0_.months as months4_2_1_, user0_.name as name5_2_1_, user0_.idd as idd8_2_1_, user0_.password as password6_2_1_, user0_.roles as roles7_2_1_, generalseq1_.number as number1_0_0_ from user user0_ left outer join id generalseq1_ on user0_.idd=generalseq1_.number where user0_.idd=?
?[1;31m
Start test 22?[0m
Hibernate: select user0_.email as email1_2_, user0_.id as id2_2_, user0_.lastname as lastname3_2_, user0_.months as months4_2_, user0_.name as name5_2_, user0_.idd as idd8_2_, user0_.password as password6_2_, user0_.roles as roles7_2_ from user user0_ where user0_.email=?
?[1;31m
Start test 23?[0m
Hibernate: select user0_.email as email1_2_, user0_.id as id2_2_, user0_.lastname as lastname3_2_, user0_.months as months4_2_, user0_.name as name5_2_, user0_.idd as idd8_2_, user0_.password as password6_2_, user0_.roles as roles7_2_ from user user0_ where user0_.email=?
?[1;31m
Start test 24?[0m
?[1;31m
Start test 25?[0m
?[1;31m
Start test 26?[0m
Hibernate: select user0_.email as email1_2_, user0_.id as id2_2_, user0_.lastname as lastname3_2_, user0_.months as months4_2_, user0_.name as name5_2_, user0_.idd as idd8_2_, user0_.password as password6_2_, user0_.roles as roles7_2_ from user user0_ where user0_.email=?
Hibernate: select generalseq0_.number as number1_0_0_, user1_.email as email1_2_1_, user1_.id as id2_2_1_, user1_.lastname as lastname3_2_1_, user1_.months as months4_2_1_, user1_.name as name5_2_1_, user1_.idd as idd8_2_1_, user1_.password as password6_2_1_, user1_.roles as roles7_2_1_ from id generalseq0_ left outer join user user1_ on generalseq0_.number=user1_.idd where generalseq0_.number=?
Hibernate: select user0_.email as email1_2_1_, user0_.id as id2_2_1_, user0_.lastname as lastname3_2_1_, user0_.months as months4_2_1_, user0_.name as name5_2_1_, user0_.idd as idd8_2_1_, user0_.password as password6_2_1_, user0_.roles as roles7_2_1_, generalseq1_.number as number1_0_0_ from user user0_ left outer join id generalseq1_ on user0_.idd=generalseq1_.number where user0_.idd=?

ChangePassword


oMoa3Vvqn
johndoe@acme.com
Hibernate: select user0_.email as email1_2_0_, user0_.id as id2_2_0_, user0_.lastname as lastname3_2_0_, user0_.months as months4_2_0_, user0_.name as name5_2_0_, user0_.idd as idd8_2_0_, user0_.password as password6_2_0_, user0_.roles as roles7_2_0_, generalseq1_.number as number1_0_1_ from user user0_ left outer join id generalseq1_ on user0_.idd=generalseq1_.number where user0_.email=?

******************


?[1;31m
Start test 27?[0m
Hibernate: select user0_.email as email1_2_, user0_.id as id2_2_, user0_.lastname as lastname3_2_, user0_.months as months4_2_, user0_.name as name5_2_, user0_.idd as idd8_2_, user0_.password as password6_2_, user0_.roles as roles7_2_ from user user0_ where user0_.email=?
Hibernate: select generalseq0_.number as number1_0_0_, user1_.email as email1_2_1_, user1_.id as id2_2_1_, user1_.lastname as lastname3_2_1_, user1_.months as months4_2_1_, user1_.name as name5_2_1_, user1_.idd as idd8_2_1_, user1_.password as password6_2_1_, user1_.roles as roles7_2_1_ from id generalseq0_ left outer join user user1_ on generalseq0_.number=user1_.idd where generalseq0_.number=?
Hibernate: select user0_.email as email1_2_1_, user0_.id as id2_2_1_, user0_.lastname as lastname3_2_1_, user0_.months as months4_2_1_, user0_.name as name5_2_1_, user0_.idd as idd8_2_1_, user0_.password as password6_2_1_, user0_.roles as roles7_2_1_, generalseq1_.number as number1_0_0_ from user user0_ left outer join id generalseq1_ on user0_.idd=generalseq1_.number where user0_.idd=?

ChangePassword


oMoa3VvqnLxW
johndoe@acme.com
Hibernate: select user0_.email as email1_2_0_, user0_.id as id2_2_0_, user0_.lastname as lastname3_2_0_, user0_.months as months4_2_0_, user0_.name as name5_2_0_, user0_.idd as idd8_2_0_, user0_.password as password6_2_0_, user0_.roles as roles7_2_0_, generalseq1_.number as number1_0_1_ from user user0_ left outer join id generalseq1_ on user0_.idd=generalseq1_.number where user0_.email=?

******************


?[1;31m
Start test 28?[0m
Hibernate: select user0_.email as email1_2_, user0_.id as id2_2_, user0_.lastname as lastname3_2_, user0_.months as months4_2_, user0_.name as name5_2_, user0_.idd as idd8_2_, user0_.password as password6_2_, user0_.roles as roles7_2_ from user user0_ where user0_.email=?
Hibernate: select generalseq0_.number as number1_0_0_, user1_.email as email1_2_1_, user1_.id as id2_2_1_, user1_.lastname as lastname3_2_1_, user1_.months as months4_2_1_, user1_.name as name5_2_1_, user1_.idd as idd8_2_1_, user1_.password as password6_2_1_, user1_.roles as roles7_2_1_ from id generalseq0_ left outer join user user1_ on generalseq0_.number=user1_.idd where generalseq0_.number=?
Hibernate: select user0_.email as email1_2_1_, user0_.id as id2_2_1_, user0_.lastname as lastname3_2_1_, user0_.months as months4_2_1_, user0_.name as name5_2_1_, user0_.idd as idd8_2_1_, user0_.password as password6_2_1_, user0_.roles as roles7_2_1_, generalseq1_.number as number1_0_0_ from user user0_ left outer join id generalseq1_ on user0_.idd=generalseq1_.number where user0_.idd=?

ChangePassword


PasswordForJanuary
johndoe@acme.com
Hibernate: select user0_.email as email1_2_0_, user0_.id as id2_2_0_, user0_.lastname as lastname3_2_0_, user0_.months as months4_2_0_, user0_.name as name5_2_0_, user0_.idd as idd8_2_0_, user0_.password as password6_2_0_, user0_.roles as roles7_2_0_, generalseq1_.number as number1_0_1_ from user user0_ left outer join id generalseq1_ on user0_.idd=generalseq1_.number where user0_.email=?

******************


Hibernate: select user0_.email as email1_2_, user0_.id as id2_2_, user0_.lastname as lastname3_2_, user0_.months as months4_2_, user0_.name as name5_2_, user0_.idd as idd8_2_, user0_.password as password6_2_, user0_.roles as roles7_2_ from user user0_ where user0_.email=?
Hibernate: select generalseq0_.number as number1_0_0_, user1_.email as email1_2_1_, user1_.id as id2_2_1_, user1_.lastname as lastname3_2_1_, user1_.months as months4_2_1_, user1_.name as name5_2_1_, user1_.idd as idd8_2_1_, user1_.password as password6_2_1_, user1_.roles as roles7_2_1_ from id generalseq0_ left outer join user user1_ on generalseq0_.number=user1_.idd where generalseq0_.number=?
Hibernate: select user0_.email as email1_2_1_, user0_.id as id2_2_1_, user0_.lastname as lastname3_2_1_, user0_.months as months4_2_1_, user0_.name as name5_2_1_, user0_.idd as idd8_2_1_, user0_.password as password6_2_1_, user0_.roles as roles7_2_1_, generalseq1_.number as number1_0_0_ from user user0_ left outer join id generalseq1_ on user0_.idd=generalseq1_.number where user0_.idd=?

ChangePassword


PasswordForFebruary
johndoe@acme.com
Hibernate: select user0_.email as email1_2_0_, user0_.id as id2_2_0_, user0_.lastname as lastname3_2_0_, user0_.months as months4_2_0_, user0_.name as name5_2_0_, user0_.idd as idd8_2_0_, user0_.password as password6_2_0_, user0_.roles as roles7_2_0_, generalseq1_.number as number1_0_1_ from user user0_ left outer join id generalseq1_ on user0_.idd=generalseq1_.number where user0_.email=?

******************


Hibernate: select user0_.email as email1_2_, user0_.id as id2_2_, user0_.lastname as lastname3_2_, user0_.months as months4_2_, user0_.name as name5_2_, user0_.idd as idd8_2_, user0_.password as password6_2_, user0_.roles as roles7_2_ from user user0_ where user0_.email=?
Hibernate: select generalseq0_.number as number1_0_0_, user1_.email as email1_2_1_, user1_.id as id2_2_1_, user1_.lastname as lastname3_2_1_, user1_.months as months4_2_1_, user1_.name as name5_2_1_, user1_.idd as idd8_2_1_, user1_.password as password6_2_1_, user1_.roles as roles7_2_1_ from id generalseq0_ left outer join user user1_ on generalseq0_.number=user1_.idd where generalseq0_.number=?
Hibernate: select user0_.email as email1_2_1_, user0_.id as id2_2_1_, user0_.lastname as lastname3_2_1_, user0_.months as months4_2_1_, user0_.name as name5_2_1_, user0_.idd as idd8_2_1_, user0_.password as password6_2_1_, user0_.roles as roles7_2_1_, generalseq1_.number as number1_0_0_ from user user0_ left outer join id generalseq1_ on user0_.idd=generalseq1_.number where user0_.idd=?

ChangePassword


PasswordForMarch
johndoe@acme.com
Hibernate: select user0_.email as email1_2_0_, user0_.id as id2_2_0_, user0_.lastname as lastname3_2_0_, user0_.months as months4_2_0_, user0_.name as name5_2_0_, user0_.idd as idd8_2_0_, user0_.password as password6_2_0_, user0_.roles as roles7_2_0_, generalseq1_.number as number1_0_1_ from user user0_ left outer join id generalseq1_ on user0_.idd=generalseq1_.number where user0_.email=?

******************


Hibernate: select user0_.email as email1_2_, user0_.id as id2_2_, user0_.lastname as lastname3_2_, user0_.months as months4_2_, user0_.name as name5_2_, user0_.idd as idd8_2_, user0_.password as password6_2_, user0_.roles as roles7_2_ from user user0_ where user0_.email=?
Hibernate: select generalseq0_.number as number1_0_0_, user1_.email as email1_2_1_, user1_.id as id2_2_1_, user1_.lastname as lastname3_2_1_, user1_.months as months4_2_1_, user1_.name as name5_2_1_, user1_.idd as idd8_2_1_, user1_.password as password6_2_1_, user1_.roles as roles7_2_1_ from id generalseq0_ left outer join user user1_ on generalseq0_.number=user1_.idd where generalseq0_.number=?
Hibernate: select user0_.email as email1_2_1_, user0_.id as id2_2_1_, user0_.lastname as lastname3_2_1_, user0_.months as months4_2_1_, user0_.name as name5_2_1_, user0_.idd as idd8_2_1_, user0_.password as password6_2_1_, user0_.roles as roles7_2_1_, generalseq1_.number as number1_0_0_ from user user0_ left outer join id generalseq1_ on user0_.idd=generalseq1_.number where user0_.idd=?

ChangePassword


PasswordForApril
johndoe@acme.com
Hibernate: select user0_.email as email1_2_0_, user0_.id as id2_2_0_, user0_.lastname as lastname3_2_0_, user0_.months as months4_2_0_, user0_.name as name5_2_0_, user0_.idd as idd8_2_0_, user0_.password as password6_2_0_, user0_.roles as roles7_2_0_, generalseq1_.number as number1_0_1_ from user user0_ left outer join id generalseq1_ on user0_.idd=generalseq1_.number where user0_.email=?

******************


Hibernate: select user0_.email as email1_2_, user0_.id as id2_2_, user0_.lastname as lastname3_2_, user0_.months as months4_2_, user0_.name as name5_2_, user0_.idd as idd8_2_, user0_.password as password6_2_, user0_.roles as roles7_2_ from user user0_ where user0_.email=?
Hibernate: select generalseq0_.number as number1_0_0_, user1_.email as email1_2_1_, user1_.id as id2_2_1_, user1_.lastname as lastname3_2_1_, user1_.months as months4_2_1_, user1_.name as name5_2_1_, user1_.idd as idd8_2_1_, user1_.password as password6_2_1_, user1_.roles as roles7_2_1_ from id generalseq0_ left outer join user user1_ on generalseq0_.number=user1_.idd where generalseq0_.number=?
Hibernate: select user0_.email as email1_2_1_, user0_.id as id2_2_1_, user0_.lastname as lastname3_2_1_, user0_.months as months4_2_1_, user0_.name as name5_2_1_, user0_.idd as idd8_2_1_, user0_.password as password6_2_1_, user0_.roles as roles7_2_1_, generalseq1_.number as number1_0_0_ from user user0_ left outer join id generalseq1_ on user0_.idd=generalseq1_.number where user0_.idd=?

ChangePassword


PasswordForMay
johndoe@acme.com
Hibernate: select user0_.email as email1_2_0_, user0_.id as id2_2_0_, user0_.lastname as lastname3_2_0_, user0_.months as months4_2_0_, user0_.name as name5_2_0_, user0_.idd as idd8_2_0_, user0_.password as password6_2_0_, user0_.roles as roles7_2_0_, generalseq1_.number as number1_0_1_ from user user0_ left outer join id generalseq1_ on user0_.idd=generalseq1_.number where user0_.email=?

******************


Hibernate: select user0_.email as email1_2_, user0_.id as id2_2_, user0_.lastname as lastname3_2_, user0_.months as months4_2_, user0_.name as name5_2_, user0_.idd as idd8_2_, user0_.password as password6_2_, user0_.roles as roles7_2_ from user user0_ where user0_.email=?
Hibernate: select generalseq0_.number as number1_0_0_, user1_.email as email1_2_1_, user1_.id as id2_2_1_, user1_.lastname as lastname3_2_1_, user1_.months as months4_2_1_, user1_.name as name5_2_1_, user1_.idd as idd8_2_1_, user1_.password as password6_2_1_, user1_.roles as roles7_2_1_ from id generalseq0_ left outer join user user1_ on generalseq0_.number=user1_.idd where generalseq0_.number=?
Hibernate: select user0_.email as email1_2_1_, user0_.id as id2_2_1_, user0_.lastname as lastname3_2_1_, user0_.months as months4_2_1_, user0_.name as name5_2_1_, user0_.idd as idd8_2_1_, user0_.password as password6_2_1_, user0_.roles as roles7_2_1_, generalseq1_.number as number1_0_0_ from user user0_ left outer join id generalseq1_ on user0_.idd=generalseq1_.number where user0_.idd=?

ChangePassword


PasswordForJune
johndoe@acme.com
Hibernate: select user0_.email as email1_2_0_, user0_.id as id2_2_0_, user0_.lastname as lastname3_2_0_, user0_.months as months4_2_0_, user0_.name as name5_2_0_, user0_.idd as idd8_2_0_, user0_.password as password6_2_0_, user0_.roles as roles7_2_0_, generalseq1_.number as number1_0_1_ from user user0_ left outer join id generalseq1_ on user0_.idd=generalseq1_.number where user0_.email=?

******************


Hibernate: select user0_.email as email1_2_, user0_.id as id2_2_, user0_.lastname as lastname3_2_, user0_.months as months4_2_, user0_.name as name5_2_, user0_.idd as idd8_2_, user0_.password as password6_2_, user0_.roles as roles7_2_ from user user0_ where user0_.email=?
Hibernate: select generalseq0_.number as number1_0_0_, user1_.email as email1_2_1_, user1_.id as id2_2_1_, user1_.lastname as lastname3_2_1_, user1_.months as months4_2_1_, user1_.name as name5_2_1_, user1_.idd as idd8_2_1_, user1_.password as password6_2_1_, user1_.roles as roles7_2_1_ from id generalseq0_ left outer join user user1_ on generalseq0_.number=user1_.idd where generalseq0_.number=?
Hibernate: select user0_.email as email1_2_1_, user0_.id as id2_2_1_, user0_.lastname as lastname3_2_1_, user0_.months as months4_2_1_, user0_.name as name5_2_1_, user0_.idd as idd8_2_1_, user0_.password as password6_2_1_, user0_.roles as roles7_2_1_, generalseq1_.number as number1_0_0_ from user user0_ left outer join id generalseq1_ on user0_.idd=generalseq1_.number where user0_.idd=?

ChangePassword


PasswordForJuly
johndoe@acme.com
Hibernate: select user0_.email as email1_2_0_, user0_.id as id2_2_0_, user0_.lastname as lastname3_2_0_, user0_.months as months4_2_0_, user0_.name as name5_2_0_, user0_.idd as idd8_2_0_, user0_.password as password6_2_0_, user0_.roles as roles7_2_0_, generalseq1_.number as number1_0_1_ from user user0_ left outer join id generalseq1_ on user0_.idd=generalseq1_.number where user0_.email=?

******************


Hibernate: select user0_.email as email1_2_, user0_.id as id2_2_, user0_.lastname as lastname3_2_, user0_.months as months4_2_, user0_.name as name5_2_, user0_.idd as idd8_2_, user0_.password as password6_2_, user0_.roles as roles7_2_ from user user0_ where user0_.email=?
Hibernate: select generalseq0_.number as number1_0_0_, user1_.email as email1_2_1_, user1_.id as id2_2_1_, user1_.lastname as lastname3_2_1_, user1_.months as months4_2_1_, user1_.name as name5_2_1_, user1_.idd as idd8_2_1_, user1_.password as password6_2_1_, user1_.roles as roles7_2_1_ from id generalseq0_ left outer join user user1_ on generalseq0_.number=user1_.idd where generalseq0_.number=?
Hibernate: select user0_.email as email1_2_1_, user0_.id as id2_2_1_, user0_.lastname as lastname3_2_1_, user0_.months as months4_2_1_, user0_.name as name5_2_1_, user0_.idd as idd8_2_1_, user0_.password as password6_2_1_, user0_.roles as roles7_2_1_, generalseq1_.number as number1_0_0_ from user user0_ left outer join id generalseq1_ on user0_.idd=generalseq1_.number where user0_.idd=?

ChangePassword


PasswordForAugust
johndoe@acme.com
Hibernate: select user0_.email as email1_2_0_, user0_.id as id2_2_0_, user0_.lastname as lastname3_2_0_, user0_.months as months4_2_0_, user0_.name as name5_2_0_, user0_.idd as idd8_2_0_, user0_.password as password6_2_0_, user0_.roles as roles7_2_0_, generalseq1_.number as number1_0_1_ from user user0_ left outer join id generalseq1_ on user0_.idd=generalseq1_.number where user0_.email=?

******************


Hibernate: select user0_.email as email1_2_, user0_.id as id2_2_, user0_.lastname as lastname3_2_, user0_.months as months4_2_, user0_.name as name5_2_, user0_.idd as idd8_2_, user0_.password as password6_2_, user0_.roles as roles7_2_ from user user0_ where user0_.email=?
Hibernate: select generalseq0_.number as number1_0_0_, user1_.email as email1_2_1_, user1_.id as id2_2_1_, user1_.lastname as lastname3_2_1_, user1_.months as months4_2_1_, user1_.name as name5_2_1_, user1_.idd as idd8_2_1_, user1_.password as password6_2_1_, user1_.roles as roles7_2_1_ from id generalseq0_ left outer join user user1_ on generalseq0_.number=user1_.idd where generalseq0_.number=?
Hibernate: select user0_.email as email1_2_1_, user0_.id as id2_2_1_, user0_.lastname as lastname3_2_1_, user0_.months as months4_2_1_, user0_.name as name5_2_1_, user0_.idd as idd8_2_1_, user0_.password as password6_2_1_, user0_.roles as roles7_2_1_, generalseq1_.number as number1_0_0_ from user user0_ left outer join id generalseq1_ on user0_.idd=generalseq1_.number where user0_.idd=?

ChangePassword


PasswordForSeptember
johndoe@acme.com
Hibernate: select user0_.email as email1_2_0_, user0_.id as id2_2_0_, user0_.lastname as lastname3_2_0_, user0_.months as months4_2_0_, user0_.name as name5_2_0_, user0_.idd as idd8_2_0_, user0_.password as password6_2_0_, user0_.roles as roles7_2_0_, generalseq1_.number as number1_0_1_ from user user0_ left outer join id generalseq1_ on user0_.idd=generalseq1_.number where user0_.email=?

******************


Hibernate: select user0_.email as email1_2_, user0_.id as id2_2_, user0_.lastname as lastname3_2_, user0_.months as months4_2_, user0_.name as name5_2_, user0_.idd as idd8_2_, user0_.password as password6_2_, user0_.roles as roles7_2_ from user user0_ where user0_.email=?
Hibernate: select generalseq0_.number as number1_0_0_, user1_.email as email1_2_1_, user1_.id as id2_2_1_, user1_.lastname as lastname3_2_1_, user1_.months as months4_2_1_, user1_.name as name5_2_1_, user1_.idd as idd8_2_1_, user1_.password as password6_2_1_, user1_.roles as roles7_2_1_ from id generalseq0_ left outer join user user1_ on generalseq0_.number=user1_.idd where generalseq0_.number=?
Hibernate: select user0_.email as email1_2_1_, user0_.id as id2_2_1_, user0_.lastname as lastname3_2_1_, user0_.months as months4_2_1_, user0_.name as name5_2_1_, user0_.idd as idd8_2_1_, user0_.password as password6_2_1_, user0_.roles as roles7_2_1_, generalseq1_.number as number1_0_0_ from user user0_ left outer join id generalseq1_ on user0_.idd=generalseq1_.number where user0_.idd=?

ChangePassword


PasswordForOctober
johndoe@acme.com
Hibernate: select user0_.email as email1_2_0_, user0_.id as id2_2_0_, user0_.lastname as lastname3_2_0_, user0_.months as months4_2_0_, user0_.name as name5_2_0_, user0_.idd as idd8_2_0_, user0_.password as password6_2_0_, user0_.roles as roles7_2_0_, generalseq1_.number as number1_0_1_ from user user0_ left outer join id generalseq1_ on user0_.idd=generalseq1_.number where user0_.email=?

******************


Hibernate: select user0_.email as email1_2_, user0_.id as id2_2_, user0_.lastname as lastname3_2_, user0_.months as months4_2_, user0_.name as name5_2_, user0_.idd as idd8_2_, user0_.password as password6_2_, user0_.roles as roles7_2_ from user user0_ where user0_.email=?
Hibernate: select generalseq0_.number as number1_0_0_, user1_.email as email1_2_1_, user1_.id as id2_2_1_, user1_.lastname as lastname3_2_1_, user1_.months as months4_2_1_, user1_.name as name5_2_1_, user1_.idd as idd8_2_1_, user1_.password as password6_2_1_, user1_.roles as roles7_2_1_ from id generalseq0_ left outer join user user1_ on generalseq0_.number=user1_.idd where generalseq0_.number=?
Hibernate: select user0_.email as email1_2_1_, user0_.id as id2_2_1_, user0_.lastname as lastname3_2_1_, user0_.months as months4_2_1_, user0_.name as name5_2_1_, user0_.idd as idd8_2_1_, user0_.password as password6_2_1_, user0_.roles as roles7_2_1_, generalseq1_.number as number1_0_0_ from user user0_ left outer join id generalseq1_ on user0_.idd=generalseq1_.number where user0_.idd=?

ChangePassword


PasswordForNovember
johndoe@acme.com
Hibernate: select user0_.email as email1_2_0_, user0_.id as id2_2_0_, user0_.lastname as lastname3_2_0_, user0_.months as months4_2_0_, user0_.name as name5_2_0_, user0_.idd as idd8_2_0_, user0_.password as password6_2_0_, user0_.roles as roles7_2_0_, generalseq1_.number as number1_0_1_ from user user0_ left outer join id generalseq1_ on user0_.idd=generalseq1_.number where user0_.email=?

******************


Hibernate: select user0_.email as email1_2_, user0_.id as id2_2_, user0_.lastname as lastname3_2_, user0_.months as months4_2_, user0_.name as name5_2_, user0_.idd as idd8_2_, user0_.password as password6_2_, user0_.roles as roles7_2_ from user user0_ where user0_.email=?
Hibernate: select generalseq0_.number as number1_0_0_, user1_.email as email1_2_1_, user1_.id as id2_2_1_, user1_.lastname as lastname3_2_1_, user1_.months as months4_2_1_, user1_.name as name5_2_1_, user1_.idd as idd8_2_1_, user1_.password as password6_2_1_, user1_.roles as roles7_2_1_ from id generalseq0_ left outer join user user1_ on generalseq0_.number=user1_.idd where generalseq0_.number=?
Hibernate: select user0_.email as email1_2_1_, user0_.id as id2_2_1_, user0_.lastname as lastname3_2_1_, user0_.months as months4_2_1_, user0_.name as name5_2_1_, user0_.idd as idd8_2_1_, user0_.password as password6_2_1_, user0_.roles as roles7_2_1_, generalseq1_.number as number1_0_0_ from user user0_ left outer join id generalseq1_ on user0_.idd=generalseq1_.number where user0_.idd=?

ChangePassword


PasswordForDecember
johndoe@acme.com
Hibernate: select user0_.email as email1_2_0_, user0_.id as id2_2_0_, user0_.lastname as lastname3_2_0_, user0_.months as months4_2_0_, user0_.name as name5_2_0_, user0_.idd as idd8_2_0_, user0_.password as password6_2_0_, user0_.roles as roles7_2_0_, generalseq1_.number as number1_0_1_ from user user0_ left outer join id generalseq1_ on user0_.idd=generalseq1_.number where user0_.email=?

******************


?[1;31m
Start test 29?[0m
Hibernate: select user0_.email as email1_2_, user0_.id as id2_2_, user0_.lastname as lastname3_2_, user0_.months as months4_2_, user0_.name as name5_2_, user0_.idd as idd8_2_, user0_.password as password6_2_, user0_.roles as roles7_2_ from user user0_ where user0_.email=?
Hibernate: select generalseq0_.number as number1_0_0_, user1_.email as email1_2_1_, user1_.id as id2_2_1_, user1_.lastname as lastname3_2_1_, user1_.months as months4_2_1_, user1_.name as name5_2_1_, user1_.idd as idd8_2_1_, user1_.password as password6_2_1_, user1_.roles as roles7_2_1_ from id generalseq0_ left outer join user user1_ on generalseq0_.number=user1_.idd where generalseq0_.number=?
Hibernate: select user0_.email as email1_2_1_, user0_.id as id2_2_1_, user0_.lastname as lastname3_2_1_, user0_.months as months4_2_1_, user0_.name as name5_2_1_, user0_.idd as idd8_2_1_, user0_.password as password6_2_1_, user0_.roles as roles7_2_1_, generalseq1_.number as number1_0_0_ from user user0_ left outer join id generalseq1_ on user0_.idd=generalseq1_.number where user0_.idd=?

ChangePassword


aNob5VvqzRtb
johndoe@acme.com
Hibernate: select user0_.email as email1_2_0_, user0_.id as id2_2_0_, user0_.lastname as lastname3_2_0_, user0_.months as months4_2_0_, user0_.name as name5_2_0_, user0_.idd as idd8_2_0_, user0_.password as password6_2_0_, user0_.roles as roles7_2_0_, generalseq1_.number as number1_0_1_ from user user0_ left outer join id generalseq1_ on user0_.idd=generalseq1_.number where user0_.email=?

******************


Hibernate: update user set id=?, lastname=?, months=?, name=?, idd=?, password=?, roles=? where email=?
?[1;31m
Start test 30?[0m
Hibernate: select user0_.email as email1_2_, user0_.id as id2_2_, user0_.lastname as lastname3_2_, user0_.months as months4_2_, user0_.name as name5_2_, user0_.idd as idd8_2_, user0_.password as password6_2_, user0_.roles as roles7_2_ from user user0_ where user0_.email=?
Hibernate: select generalseq0_.number as number1_0_0_, user1_.email as email1_2_1_, user1_.id as id2_2_1_, user1_.lastname as lastname3_2_1_, user1_.months as months4_2_1_, user1_.name as name5_2_1_, user1_.idd as idd8_2_1_, user1_.password as password6_2_1_, user1_.roles as roles7_2_1_ from id generalseq0_ left outer join user user1_ on generalseq0_.number=user1_.idd where generalseq0_.number=?
Hibernate: select user0_.email as email1_2_1_, user0_.id as id2_2_1_, user0_.lastname as lastname3_2_1_, user0_.months as months4_2_1_, user0_.name as name5_2_1_, user0_.idd as idd8_2_1_, user0_.password as password6_2_1_, user0_.roles as roles7_2_1_, generalseq1_.number as number1_0_0_ from user user0_ left outer join id generalseq1_ on user0_.idd=generalseq1_.number where user0_.idd=?
?[1;31m
Start test 31?[0m
Hibernate: select user0_.email as email1_2_, user0_.id as id2_2_, user0_.lastname as lastname3_2_, user0_.months as months4_2_, user0_.name as name5_2_, user0_.idd as idd8_2_, user0_.password as password6_2_, user0_.roles as roles7_2_ from user user0_ where user0_.email=?
Hibernate: select generalseq0_.number as number1_0_0_, user1_.email as email1_2_1_, user1_.id as id2_2_1_, user1_.lastname as lastname3_2_1_, user1_.months as months4_2_1_, user1_.name as name5_2_1_, user1_.idd as idd8_2_1_, user1_.password as password6_2_1_, user1_.roles as roles7_2_1_ from id generalseq0_ left outer join user user1_ on generalseq0_.number=user1_.idd where generalseq0_.number=?
Hibernate: select user0_.email as email1_2_1_, user0_.id as id2_2_1_, user0_.lastname as lastname3_2_1_, user0_.months as months4_2_1_, user0_.name as name5_2_1_, user0_.idd as idd8_2_1_, user0_.password as password6_2_1_, user0_.roles as roles7_2_1_, generalseq1_.number as number1_0_0_ from user user0_ left outer join id generalseq1_ on user0_.idd=generalseq1_.number where user0_.idd=?
Hibernate: select user0_.email as email1_2_, user0_.id as id2_2_, user0_.lastname as lastname3_2_, user0_.months as months4_2_, user0_.name as name5_2_, user0_.idd as idd8_2_, user0_.password as password6_2_, user0_.roles as roles7_2_ from user user0_
Hibernate: select generalseq0_.number as number1_0_0_, user1_.email as email1_2_1_, user1_.id as id2_2_1_, user1_.lastname as lastname3_2_1_, user1_.months as months4_2_1_, user1_.name as name5_2_1_, user1_.idd as idd8_2_1_, user1_.password as password6_2_1_, user1_.roles as roles7_2_1_ from id generalseq0_ left outer join user user1_ on generalseq0_.number=user1_.idd where generalseq0_.number=?
Hibernate: select user0_.email as email1_2_1_, user0_.id as id2_2_1_, user0_.lastname as lastname3_2_1_, user0_.months as months4_2_1_, user0_.name as name5_2_1_, user0_.idd as idd8_2_1_, user0_.password as password6_2_1_, user0_.roles as roles7_2_1_, generalseq1_.number as number1_0_0_ from user user0_ left outer join id generalseq1_ on user0_.idd=generalseq1_.number where user0_.idd=?
Hibernate: select generalseq0_.number as number1_0_0_, user1_.email as email1_2_1_, user1_.id as id2_2_1_, user1_.lastname as lastname3_2_1_, user1_.months as months4_2_1_, user1_.name as name5_2_1_, user1_.idd as idd8_2_1_, user1_.password as password6_2_1_, user1_.roles as roles7_2_1_ from id generalseq0_ left outer join user user1_ on generalseq0_.number=user1_.idd where generalseq0_.number=?
Hibernate: select user0_.email as email1_2_1_, user0_.id as id2_2_1_, user0_.lastname as lastname3_2_1_, user0_.months as months4_2_1_, user0_.name as name5_2_1_, user0_.idd as idd8_2_1_, user0_.password as password6_2_1_, user0_.roles as roles7_2_1_, generalseq1_.number as number1_0_0_ from user user0_ left outer join id generalseq1_ on user0_.idd=generalseq1_.number where user0_.idd=?
Hibernate: select generalseq0_.number as number1_0_0_, user1_.email as email1_2_1_, user1_.id as id2_2_1_, user1_.lastname as lastname3_2_1_, user1_.months as months4_2_1_, user1_.name as name5_2_1_, user1_.idd as idd8_2_1_, user1_.password as password6_2_1_, user1_.roles as roles7_2_1_ from id generalseq0_ left outer join user user1_ on generalseq0_.number=user1_.idd where generalseq0_.number=?
Hibernate: select user0_.email as email1_2_1_, user0_.id as id2_2_1_, user0_.lastname as lastname3_2_1_, user0_.months as months4_2_1_, user0_.name as name5_2_1_, user0_.idd as idd8_2_1_, user0_.password as password6_2_1_, user0_.roles as roles7_2_1_, generalseq1_.number as number1_0_0_ from user user0_ left outer join id generalseq1_ on user0_.idd=generalseq1_.number where user0_.idd=?
Hibernate: select generalseq0_.number as number1_0_0_, user1_.email as email1_2_1_, user1_.id as id2_2_1_, user1_.lastname as lastname3_2_1_, user1_.months as months4_2_1_, user1_.name as name5_2_1_, user1_.idd as idd8_2_1_, user1_.password as password6_2_1_, user1_.roles as roles7_2_1_ from id generalseq0_ left outer join user user1_ on generalseq0_.number=user1_.idd where generalseq0_.number=?
Hibernate: select user0_.email as email1_2_1_, user0_.id as id2_2_1_, user0_.lastname as lastname3_2_1_, user0_.months as months4_2_1_, user0_.name as name5_2_1_, user0_.idd as idd8_2_1_, user0_.password as password6_2_1_, user0_.roles as roles7_2_1_, generalseq1_.number as number1_0_0_ from user user0_ left outer join id generalseq1_ on user0_.idd=generalseq1_.number where user0_.idd=?
?[1;31m
Start test 32?[0m
2022-08-16 17:57:43.848  INFO 12148 --- [     Thread-336] j.LocalContainerEntityManagerFactoryBean : Closing JPA EntityManagerFactory for persistence unit 'default'
2022-08-16 17:57:43.849  INFO 12148 --- [     Thread-336] o.s.s.concurrent.ThreadPoolTaskExecutor  : Shutting down ExecutorService 'applicationTaskExecutor'
2022-08-16 17:57:43.850  INFO 12148 --- [     Thread-336] com.zaxxer.hikari.HikariDataSource       : HikariPool-1 - Shutdown initiated...
2022-08-16 17:57:43.858  INFO 12148 --- [     Thread-336] com.zaxxer.hikari.HikariDataSource       : HikariPool-1 - Shutdown completed.

  .   ____          _            __ _ _
 /\\ / ___'_ __ _ _(_)_ __  __ _ \ \ \ \
( ( )\___ | '_ | '_| | '_ \/ _` | \ \ \ \
 \\/  ___)| |_)| | | | | || (_| |  ) ) ) )
  '  |____| .__|_| |_|_| |_\__, | / / / /
 =========|_|==============|___/=/_/_/_/
 :: Spring Boot ::        (v2.3.1.RELEASE)

2022-08-16 17:57:43.989  INFO 12148 --- [    Test worker] account.AccountServiceApplication        : Starting AccountServiceApplication on LAPTOP-VBFHQFG2 with PID 12148 (started by Ansis in C:\Users\Ansis\Desktop\maven\Account Service\Account Service\task)
2022-08-16 17:57:43.989  INFO 12148 --- [    Test worker] account.AccountServiceApplication        : No active profile set, falling back to default profiles: default
2022-08-16 17:57:44.341  INFO 12148 --- [    Test worker] .s.d.r.c.RepositoryConfigurationDelegate : Bootstrapping Spring Data JPA repositories in DEFERRED mode.
2022-08-16 17:57:44.357  INFO 12148 --- [    Test worker] .s.d.r.c.RepositoryConfigurationDelegate : Finished Spring Data repository scanning in 15ms. Found 3 JPA repository interfaces.
2022-08-16 17:57:44.422  INFO 12148 --- [    Test worker] trationDelegate$BeanPostProcessorChecker : Bean 'org.springframework.security.access.expression.method.DefaultMethodSecurityExpressionHandler@3b764e66' of type [org.springframework.security.access.expression.method.DefaultMethodSecurityExpressionHandler] is not eligible for getting processed by all BeanPostProcessors (for example: not eligible for auto-proxying)
2022-08-16 17:57:44.423  INFO 12148 --- [    Test worker] trationDelegate$BeanPostProcessorChecker : Bean 'methodSecurityConfig' of type [account.securityConfig.MethodSecurityConfig$$EnhancerBySpringCGLIB$$28018aba] is not eligible for getting processed by all BeanPostProcessors (for example: not eligible for auto-proxying)
2022-08-16 17:57:44.425  INFO 12148 --- [    Test worker] trationDelegate$BeanPostProcessorChecker : Bean 'methodSecurityMetadataSource' of type [org.springframework.security.access.method.DelegatingMethodSecurityMetadataSource] is not eligible for getting processed by all BeanPostProcessors (for example: not eligible for auto-proxying)
2022-08-16 17:57:44.473  INFO 12148 --- [    Test worker] o.s.b.w.embedded.tomcat.TomcatWebServer  : Tomcat initialized with port(s): 28852 (http)
2022-08-16 17:57:44.473  INFO 12148 --- [    Test worker] o.apache.catalina.core.StandardService   : Starting service [Tomcat]
2022-08-16 17:57:44.474  INFO 12148 --- [    Test worker] org.apache.catalina.core.StandardEngine  : Starting Servlet engine: [Apache Tomcat/9.0.36]
2022-08-16 17:57:44.499  INFO 12148 --- [    Test worker] o.a.c.c.C.[Tomcat].[localhost].[/]       : Initializing Spring embedded WebApplicationContext
2022-08-16 17:57:44.500  INFO 12148 --- [    Test worker] w.s.c.ServletWebServerApplicationContext : Root WebApplicationContext: initialization completed in 509 ms
2022-08-16 17:57:44.548  INFO 12148 --- [    Test worker] com.zaxxer.hikari.HikariDataSource       : HikariPool-2 - Starting...
2022-08-16 17:57:44.561  INFO 12148 --- [    Test worker] com.zaxxer.hikari.HikariDataSource       : HikariPool-2 - Start completed.
2022-08-16 17:57:44.561  INFO 12148 --- [    Test worker] o.s.b.a.h2.H2ConsoleAutoConfiguration    : H2 console available at '/h2-console'. Database available at 'jdbc:h2:file:../service_db'
2022-08-16 17:57:44.612  INFO 12148 --- [    Test worker] o.s.s.concurrent.ThreadPoolTaskExecutor  : Initializing ExecutorService 'applicationTaskExecutor'
2022-08-16 17:57:44.619  INFO 12148 --- [         task-1] o.hibernate.jpa.internal.util.LogHelper  : HHH000204: Processing PersistenceUnitInfo [name: default]
2022-08-16 17:57:44.626  INFO 12148 --- [         task-1] org.hibernate.dialect.Dialect            : HHH000400: Using dialect: org.hibernate.dialect.H2Dialect
2022-08-16 17:57:44.656  WARN 12148 --- [    Test worker] JpaBaseConfiguration$JpaWebConfiguration : spring.jpa.open-in-view is enabled by default. Therefore, database queries may be performed during view rendering. Explicitly configure spring.jpa.open-in-view to disable this warning
2022-08-16 17:57:44.726  INFO 12148 --- [         task-1] o.h.e.t.j.p.i.JtaPlatformInitiator       : HHH000490: Using JtaPlatform implementation: [org.hibernate.engine.transaction.jta.platform.internal.NoJtaPlatform]
2022-08-16 17:57:44.727  INFO 12148 --- [         task-1] j.LocalContainerEntityManagerFactoryBean : Initialized JPA EntityManagerFactory for persistence unit 'default'
2022-08-16 17:57:45.769  INFO 12148 --- [    Test worker] o.s.b.a.e.web.EndpointLinksResolver      : Exposing 14 endpoint(s) beneath base path '/actuator'
2022-08-16 17:57:45.786  INFO 12148 --- [    Test worker] o.s.s.web.DefaultSecurityFilterChain     : Creating filter chain: any request, [org.springframework.security.web.context.request.async.WebAsyncManagerIntegrationFilter@218e186b, org.springframework.security.web.context.SecurityContextPersistenceFilter@2396408a, org.springframework.security.web.header.HeaderWriterFilter@7575f7e1, org.springframework.security.web.authentication.logout.LogoutFilter@4a65c40, org.springframework.security.web.authentication.www.BasicAuthenticationFilter@4fc84c92, org.springframework.security.web.savedrequest.RequestCacheAwareFilter@3e4ead73, org.springframework.security.web.servletapi.SecurityContextHolderAwareRequestFilter@64de9fa4, org.springframework.security.web.authentication.AnonymousAuthenticationFilter@12925d2, org.springframework.security.web.session.SessionManagementFilter@4626f584, org.springframework.security.web.access.ExceptionTranslationFilter@1d6014a7, org.springframework.security.web.access.intercept.FilterSecurityInterceptor@7e84af34]
2022-08-16 17:57:45.874  INFO 12148 --- [    Test worker] o.s.b.w.embedded.tomcat.TomcatWebServer  : Tomcat started on port(s): 28852 (http) with context path ''
2022-08-16 17:57:45.875  INFO 12148 --- [    Test worker] DeferredRepositoryInitializationListener : Triggering deferred initialization of Spring Data repositories…
2022-08-16 17:57:45.947  INFO 12148 --- [    Test worker] DeferredRepositoryInitializationListener : Spring Data repositories initialized!
2022-08-16 17:57:45.954  INFO 12148 --- [    Test worker] account.AccountServiceApplication        : Started AccountServiceApplication in 1.985 seconds (JVM running for 31.527)
?[1;31m
Start test 33?[0m
2022-08-16 17:57:45.960  INFO 12148 --- [io-28852-exec-1] o.a.c.c.C.[Tomcat].[localhost].[/]       : Initializing Spring DispatcherServlet 'dispatcherServlet'
2022-08-16 17:57:45.961  INFO 12148 --- [io-28852-exec-1] o.s.web.servlet.DispatcherServlet        : Initializing Servlet 'dispatcherServlet'
2022-08-16 17:57:45.963  INFO 12148 --- [io-28852-exec-1] o.s.web.servlet.DispatcherServlet        : Completed initialization in 2 ms
Hibernate: select user0_.email as email1_2_, user0_.id as id2_2_, user0_.lastname as lastname3_2_, user0_.months as months4_2_, user0_.name as name5_2_, user0_.idd as idd8_2_, user0_.password as password6_2_, user0_.roles as roles7_2_ from user user0_ where user0_.email=?
Hibernate: select generalseq0_.number as number1_0_0_, user1_.email as email1_2_1_, user1_.id as id2_2_1_, user1_.lastname as lastname3_2_1_, user1_.months as months4_2_1_, user1_.name as name5_2_1_, user1_.idd as idd8_2_1_, user1_.password as password6_2_1_, user1_.roles as roles7_2_1_ from id generalseq0_ left outer join user user1_ on generalseq0_.number=user1_.idd where generalseq0_.number=?
Hibernate: select user0_.email as email1_2_1_, user0_.id as id2_2_1_, user0_.lastname as lastname3_2_1_, user0_.months as months4_2_1_, user0_.name as name5_2_1_, user0_.idd as idd8_2_1_, user0_.password as password6_2_1_, user0_.roles as roles7_2_1_, generalseq1_.number as number1_0_0_ from user user0_ left outer join id generalseq1_ on user0_.idd=generalseq1_.number where user0_.idd=?


******PAYMENT********
maxmustermann@acme.com
Hibernate: select user0_.email as email1_2_0_, user0_.id as id2_2_0_, user0_.lastname as lastname3_2_0_, user0_.months as months4_2_0_, user0_.name as name5_2_0_, user0_.idd as idd8_2_0_, user0_.password as password6_2_0_, user0_.roles as roles7_2_0_, generalseq1_.number as number1_0_1_ from user user0_ left outer join id generalseq1_ on user0_.idd=generalseq1_.number where user0_.email=?
Hibernate: select payslips0_.user_email as user_ema7_1_0_, payslips0_.id as id1_1_0_, payslips0_.id as id1_1_1_, payslips0_.date as date2_1_1_, payslips0_.lastname as lastname3_1_1_, payslips0_.name as name4_1_1_, payslips0_.period as period5_1_1_, payslips0_.salary as salary6_1_1_, payslips0_.user_email as user_ema7_1_1_ from pay_slip payslips0_ where payslips0_.user_email=?
?[1;31m
Start test 34?[0m
Hibernate: select user0_.email as email1_2_, user0_.id as id2_2_, user0_.lastname as lastname3_2_, user0_.months as months4_2_, user0_.name as name5_2_, user0_.idd as idd8_2_, user0_.password as password6_2_, user0_.roles as roles7_2_ from user user0_ where user0_.email=?
Hibernate: select generalseq0_.number as number1_0_0_, user1_.email as email1_2_1_, user1_.id as id2_2_1_, user1_.lastname as lastname3_2_1_, user1_.months as months4_2_1_, user1_.name as name5_2_1_, user1_.idd as idd8_2_1_, user1_.password as password6_2_1_, user1_.roles as roles7_2_1_ from id generalseq0_ left outer join user user1_ on generalseq0_.number=user1_.idd where generalseq0_.number=?
Hibernate: select user0_.email as email1_2_1_, user0_.id as id2_2_1_, user0_.lastname as lastname3_2_1_, user0_.months as months4_2_1_, user0_.name as name5_2_1_, user0_.idd as idd8_2_1_, user0_.password as password6_2_1_, user0_.roles as roles7_2_1_, generalseq1_.number as number1_0_0_ from user user0_ left outer join id generalseq1_ on user0_.idd=generalseq1_.number where user0_.idd=?



INSIDE CUSTOM!!!!



?[1;31m
Start test 35?[0m
Hibernate: select user0_.email as email1_2_, user0_.id as id2_2_, user0_.lastname as lastname3_2_, user0_.months as months4_2_, user0_.name as name5_2_, user0_.idd as idd8_2_, user0_.password as password6_2_, user0_.roles as roles7_2_ from user user0_ where user0_.email=?
Hibernate: select generalseq0_.number as number1_0_0_, user1_.email as email1_2_1_, user1_.id as id2_2_1_, user1_.lastname as lastname3_2_1_, user1_.months as months4_2_1_, user1_.name as name5_2_1_, user1_.idd as idd8_2_1_, user1_.password as password6_2_1_, user1_.roles as roles7_2_1_ from id generalseq0_ left outer join user user1_ on generalseq0_.number=user1_.idd where generalseq0_.number=?
Hibernate: select user0_.email as email1_2_1_, user0_.id as id2_2_1_, user0_.lastname as lastname3_2_1_, user0_.months as months4_2_1_, user0_.name as name5_2_1_, user0_.idd as idd8_2_1_, user0_.password as password6_2_1_, user0_.roles as roles7_2_1_, generalseq1_.number as number1_0_0_ from user user0_ left outer join id generalseq1_ on user0_.idd=generalseq1_.number where user0_.idd=?



INSIDE CUSTOM!!!!



?[1;31m
Start test 36?[0m
Hibernate: select user0_.email as email1_2_, user0_.id as id2_2_, user0_.lastname as lastname3_2_, user0_.months as months4_2_, user0_.name as name5_2_, user0_.idd as idd8_2_, user0_.password as password6_2_, user0_.roles as roles7_2_ from user user0_ where user0_.email=?
Hibernate: select generalseq0_.number as number1_0_0_, user1_.email as email1_2_1_, user1_.id as id2_2_1_, user1_.lastname as lastname3_2_1_, user1_.months as months4_2_1_, user1_.name as name5_2_1_, user1_.idd as idd8_2_1_, user1_.password as password6_2_1_, user1_.roles as roles7_2_1_ from id generalseq0_ left outer join user user1_ on generalseq0_.number=user1_.idd where generalseq0_.number=?
Hibernate: select user0_.email as email1_2_1_, user0_.id as id2_2_1_, user0_.lastname as lastname3_2_1_, user0_.months as months4_2_1_, user0_.name as name5_2_1_, user0_.idd as idd8_2_1_, user0_.password as password6_2_1_, user0_.roles as roles7_2_1_, generalseq1_.number as number1_0_0_ from user user0_ left outer join id generalseq1_ on user0_.idd=generalseq1_.number where user0_.idd=?
Hibernate: select user0_.email as email1_2_, user0_.id as id2_2_, user0_.lastname as lastname3_2_, user0_.months as months4_2_, user0_.name as name5_2_, user0_.idd as idd8_2_, user0_.password as password6_2_, user0_.roles as roles7_2_ from user user0_
Hibernate: select generalseq0_.number as number1_0_0_, user1_.email as email1_2_1_, user1_.id as id2_2_1_, user1_.lastname as lastname3_2_1_, user1_.months as months4_2_1_, user1_.name as name5_2_1_, user1_.idd as idd8_2_1_, user1_.password as password6_2_1_, user1_.roles as roles7_2_1_ from id generalseq0_ left outer join user user1_ on generalseq0_.number=user1_.idd where generalseq0_.number=?
Hibernate: select user0_.email as email1_2_1_, user0_.id as id2_2_1_, user0_.lastname as lastname3_2_1_, user0_.months as months4_2_1_, user0_.name as name5_2_1_, user0_.idd as idd8_2_1_, user0_.password as password6_2_1_, user0_.roles as roles7_2_1_, generalseq1_.number as number1_0_0_ from user user0_ left outer join id generalseq1_ on user0_.idd=generalseq1_.number where user0_.idd=?
Hibernate: select generalseq0_.number as number1_0_0_, user1_.email as email1_2_1_, user1_.id as id2_2_1_, user1_.lastname as lastname3_2_1_, user1_.months as months4_2_1_, user1_.name as name5_2_1_, user1_.idd as idd8_2_1_, user1_.password as password6_2_1_, user1_.roles as roles7_2_1_ from id generalseq0_ left outer join user user1_ on generalseq0_.number=user1_.idd where generalseq0_.number=?
Hibernate: select user0_.email as email1_2_1_, user0_.id as id2_2_1_, user0_.lastname as lastname3_2_1_, user0_.months as months4_2_1_, user0_.name as name5_2_1_, user0_.idd as idd8_2_1_, user0_.password as password6_2_1_, user0_.roles as roles7_2_1_, generalseq1_.number as number1_0_0_ from user user0_ left outer join id generalseq1_ on user0_.idd=generalseq1_.number where user0_.idd=?
Hibernate: select generalseq0_.number as number1_0_0_, user1_.email as email1_2_1_, user1_.id as id2_2_1_, user1_.lastname as lastname3_2_1_, user1_.months as months4_2_1_, user1_.name as name5_2_1_, user1_.idd as idd8_2_1_, user1_.password as password6_2_1_, user1_.roles as roles7_2_1_ from id generalseq0_ left outer join user user1_ on generalseq0_.number=user1_.idd where generalseq0_.number=?
Hibernate: select user0_.email as email1_2_1_, user0_.id as id2_2_1_, user0_.lastname as lastname3_2_1_, user0_.months as months4_2_1_, user0_.name as name5_2_1_, user0_.idd as idd8_2_1_, user0_.password as password6_2_1_, user0_.roles as roles7_2_1_, generalseq1_.number as number1_0_0_ from user user0_ left outer join id generalseq1_ on user0_.idd=generalseq1_.number where user0_.idd=?
Hibernate: select generalseq0_.number as number1_0_0_, user1_.email as email1_2_1_, user1_.id as id2_2_1_, user1_.lastname as lastname3_2_1_, user1_.months as months4_2_1_, user1_.name as name5_2_1_, user1_.idd as idd8_2_1_, user1_.password as password6_2_1_, user1_.roles as roles7_2_1_ from id generalseq0_ left outer join user user1_ on generalseq0_.number=user1_.idd where generalseq0_.number=?
Hibernate: select user0_.email as email1_2_1_, user0_.id as id2_2_1_, user0_.lastname as lastname3_2_1_, user0_.months as months4_2_1_, user0_.name as name5_2_1_, user0_.idd as idd8_2_1_, user0_.password as password6_2_1_, user0_.roles as roles7_2_1_, generalseq1_.number as number1_0_0_ from user user0_ left outer join id generalseq1_ on user0_.idd=generalseq1_.number where user0_.idd=?
?[1;31m
Start test 37?[0m
Hibernate: select user0_.email as email1_2_, user0_.id as id2_2_, user0_.lastname as lastname3_2_, user0_.months as months4_2_, user0_.name as name5_2_, user0_.idd as idd8_2_, user0_.password as password6_2_, user0_.roles as roles7_2_ from user user0_ where user0_.email=?
Hibernate: select generalseq0_.number as number1_0_0_, user1_.email as email1_2_1_, user1_.id as id2_2_1_, user1_.lastname as lastname3_2_1_, user1_.months as months4_2_1_, user1_.name as name5_2_1_, user1_.idd as idd8_2_1_, user1_.password as password6_2_1_, user1_.roles as roles7_2_1_ from id generalseq0_ left outer join user user1_ on generalseq0_.number=user1_.idd where generalseq0_.number=?
Hibernate: select user0_.email as email1_2_1_, user0_.id as id2_2_1_, user0_.lastname as lastname3_2_1_, user0_.months as months4_2_1_, user0_.name as name5_2_1_, user0_.idd as idd8_2_1_, user0_.password as password6_2_1_, user0_.roles as roles7_2_1_, generalseq1_.number as number1_0_0_ from user user0_ left outer join id generalseq1_ on user0_.idd=generalseq1_.number where user0_.idd=?


*******Inside api/admin/user/{email}


Hibernate: select count(*) as col_0_0_ from user user0_ where user0_.email=?
Hibernate: select user0_.email as email1_2_0_, user0_.id as id2_2_0_, user0_.lastname as lastname3_2_0_, user0_.months as months4_2_0_, user0_.name as name5_2_0_, user0_.idd as idd8_2_0_, user0_.password as password6_2_0_, user0_.roles as roles7_2_0_, generalseq1_.number as number1_0_1_ from user user0_ left outer join id generalseq1_ on user0_.idd=generalseq1_.number where user0_.email=?
Hibernate: delete from user where email=?
Hibernate: delete from id where number=?
?[1;31m
Start test 38?[0m
Hibernate: select user0_.email as email1_2_, user0_.id as id2_2_, user0_.lastname as lastname3_2_, user0_.months as months4_2_, user0_.name as name5_2_, user0_.idd as idd8_2_, user0_.password as password6_2_, user0_.roles as roles7_2_ from user user0_ where user0_.email=?
Hibernate: select generalseq0_.number as number1_0_0_, user1_.email as email1_2_1_, user1_.id as id2_2_1_, user1_.lastname as lastname3_2_1_, user1_.months as months4_2_1_, user1_.name as name5_2_1_, user1_.idd as idd8_2_1_, user1_.password as password6_2_1_, user1_.roles as roles7_2_1_ from id generalseq0_ left outer join user user1_ on generalseq0_.number=user1_.idd where generalseq0_.number=?
Hibernate: select user0_.email as email1_2_1_, user0_.id as id2_2_1_, user0_.lastname as lastname3_2_1_, user0_.months as months4_2_1_, user0_.name as name5_2_1_, user0_.idd as idd8_2_1_, user0_.password as password6_2_1_, user0_.roles as roles7_2_1_, generalseq1_.number as number1_0_0_ from user user0_ left outer join id generalseq1_ on user0_.idd=generalseq1_.number where user0_.idd=?
Hibernate: select user0_.email as email1_2_, user0_.id as id2_2_, user0_.lastname as lastname3_2_, user0_.months as months4_2_, user0_.name as name5_2_, user0_.idd as idd8_2_, user0_.password as password6_2_, user0_.roles as roles7_2_ from user user0_
Hibernate: select generalseq0_.number as number1_0_0_, user1_.email as email1_2_1_, user1_.id as id2_2_1_, user1_.lastname as lastname3_2_1_, user1_.months as months4_2_1_, user1_.name as name5_2_1_, user1_.idd as idd8_2_1_, user1_.password as password6_2_1_, user1_.roles as roles7_2_1_ from id generalseq0_ left outer join user user1_ on generalseq0_.number=user1_.idd where generalseq0_.number=?
Hibernate: select user0_.email as email1_2_1_, user0_.id as id2_2_1_, user0_.lastname as lastname3_2_1_, user0_.months as months4_2_1_, user0_.name as name5_2_1_, user0_.idd as idd8_2_1_, user0_.password as password6_2_1_, user0_.roles as roles7_2_1_, generalseq1_.number as number1_0_0_ from user user0_ left outer join id generalseq1_ on user0_.idd=generalseq1_.number where user0_.idd=?
Hibernate: select generalseq0_.number as number1_0_0_, user1_.email as email1_2_1_, user1_.id as id2_2_1_, user1_.lastname as lastname3_2_1_, user1_.months as months4_2_1_, user1_.name as name5_2_1_, user1_.idd as idd8_2_1_, user1_.password as password6_2_1_, user1_.roles as roles7_2_1_ from id generalseq0_ left outer join user user1_ on generalseq0_.number=user1_.idd where generalseq0_.number=?
Hibernate: select user0_.email as email1_2_1_, user0_.id as id2_2_1_, user0_.lastname as lastname3_2_1_, user0_.months as months4_2_1_, user0_.name as name5_2_1_, user0_.idd as idd8_2_1_, user0_.password as password6_2_1_, user0_.roles as roles7_2_1_, generalseq1_.number as number1_0_0_ from user user0_ left outer join id generalseq1_ on user0_.idd=generalseq1_.number where user0_.idd=?
Hibernate: select generalseq0_.number as number1_0_0_, user1_.email as email1_2_1_, user1_.id as id2_2_1_, user1_.lastname as lastname3_2_1_, user1_.months as months4_2_1_, user1_.name as name5_2_1_, user1_.idd as idd8_2_1_, user1_.password as password6_2_1_, user1_.roles as roles7_2_1_ from id generalseq0_ left outer join user user1_ on generalseq0_.number=user1_.idd where generalseq0_.number=?
Hibernate: select user0_.email as email1_2_1_, user0_.id as id2_2_1_, user0_.lastname as lastname3_2_1_, user0_.months as months4_2_1_, user0_.name as name5_2_1_, user0_.idd as idd8_2_1_, user0_.password as password6_2_1_, user0_.roles as roles7_2_1_, generalseq1_.number as number1_0_0_ from user user0_ left outer join id generalseq1_ on user0_.idd=generalseq1_.number where user0_.idd=?
?[1;31m
Start test 39?[0m
Hibernate: select user0_.email as email1_2_, user0_.id as id2_2_, user0_.lastname as lastname3_2_, user0_.months as months4_2_, user0_.name as name5_2_, user0_.idd as idd8_2_, user0_.password as password6_2_, user0_.roles as roles7_2_ from user user0_ where user0_.email=?
Hibernate: select generalseq0_.number as number1_0_0_, user1_.email as email1_2_1_, user1_.id as id2_2_1_, user1_.lastname as lastname3_2_1_, user1_.months as months4_2_1_, user1_.name as name5_2_1_, user1_.idd as idd8_2_1_, user1_.password as password6_2_1_, user1_.roles as roles7_2_1_ from id generalseq0_ left outer join user user1_ on generalseq0_.number=user1_.idd where generalseq0_.number=?
Hibernate: select user0_.email as email1_2_1_, user0_.id as id2_2_1_, user0_.lastname as lastname3_2_1_, user0_.months as months4_2_1_, user0_.name as name5_2_1_, user0_.idd as idd8_2_1_, user0_.password as password6_2_1_, user0_.roles as roles7_2_1_, generalseq1_.number as number1_0_0_ from user user0_ left outer join id generalseq1_ on user0_.idd=generalseq1_.number where user0_.idd=?


*******Inside api/admin/user/{email}


Hibernate: select count(*) as col_0_0_ from user user0_ where user0_.email=?
Hibernate: select user0_.email as email1_2_0_, user0_.id as id2_2_0_, user0_.lastname as lastname3_2_0_, user0_.months as months4_2_0_, user0_.name as name5_2_0_, user0_.idd as idd8_2_0_, user0_.password as password6_2_0_, user0_.roles as roles7_2_0_, generalseq1_.number as number1_0_1_ from user user0_ left outer join id generalseq1_ on user0_.idd=generalseq1_.number where user0_.email=?
?[1;31m
Start test 40?[0m
Hibernate: select user0_.email as email1_2_, user0_.id as id2_2_, user0_.lastname as lastname3_2_, user0_.months as months4_2_, user0_.name as name5_2_, user0_.idd as idd8_2_, user0_.password as password6_2_, user0_.roles as roles7_2_ from user user0_ where user0_.email=?
Hibernate: select generalseq0_.number as number1_0_0_, user1_.email as email1_2_1_, user1_.id as id2_2_1_, user1_.lastname as lastname3_2_1_, user1_.months as months4_2_1_, user1_.name as name5_2_1_, user1_.idd as idd8_2_1_, user1_.password as password6_2_1_, user1_.roles as roles7_2_1_ from id generalseq0_ left outer join user user1_ on generalseq0_.number=user1_.idd where generalseq0_.number=?
Hibernate: select user0_.email as email1_2_1_, user0_.id as id2_2_1_, user0_.lastname as lastname3_2_1_, user0_.months as months4_2_1_, user0_.name as name5_2_1_, user0_.idd as idd8_2_1_, user0_.password as password6_2_1_, user0_.roles as roles7_2_1_, generalseq1_.number as number1_0_0_ from user user0_ left outer join id generalseq1_ on user0_.idd=generalseq1_.number where user0_.idd=?


*******Inside api/admin/user/{email}


Hibernate: select count(*) as col_0_0_ from user user0_ where user0_.email=?
?[1;31m
Start test 41?[0m


REGISTRATION

Ivan
Hoe
IvanHoe@acme.com
nWza98hjkLPE
********************
Hibernate: select count(*) as col_0_0_ from user user0_ where user0_.email=?
SAVED!!!

Hibernate: select count(*) as col_0_0_ from user user0_
Hibernate: select user0_.email as email1_2_1_, user0_.id as id2_2_1_, user0_.lastname as lastname3_2_1_, user0_.months as months4_2_1_, user0_.name as name5_2_1_, user0_.idd as idd8_2_1_, user0_.password as password6_2_1_, user0_.roles as roles7_2_1_, generalseq1_.number as number1_0_0_ from user user0_ left outer join id generalseq1_ on user0_.idd=generalseq1_.number where user0_.email=?
Hibernate: call next value for hibernate_sequence
Hibernate: insert into id (number) values (?)
Hibernate: insert into user (id, lastname, months, name, idd, password, roles, email) values (?, ?, ?, ?, ?, ?, ?, ?)
Hibernate: update user set id=?, lastname=?, months=?, name=?, idd=?, password=?, roles=? where email=?
?[1;31m
Start test 42?[0m
Hibernate: select user0_.email as email1_2_, user0_.id as id2_2_, user0_.lastname as lastname3_2_, user0_.months as months4_2_, user0_.name as name5_2_, user0_.idd as idd8_2_, user0_.password as password6_2_, user0_.roles as roles7_2_ from user user0_ where user0_.email=?
Hibernate: select generalseq0_.number as number1_0_0_, user1_.email as email1_2_1_, user1_.id as id2_2_1_, user1_.lastname as lastname3_2_1_, user1_.months as months4_2_1_, user1_.name as name5_2_1_, user1_.idd as idd8_2_1_, user1_.password as password6_2_1_, user1_.roles as roles7_2_1_ from id generalseq0_ left outer join user user1_ on generalseq0_.number=user1_.idd where generalseq0_.number=?
Hibernate: select user0_.email as email1_2_1_, user0_.id as id2_2_1_, user0_.lastname as lastname3_2_1_, user0_.months as months4_2_1_, user0_.name as name5_2_1_, user0_.idd as idd8_2_1_, user0_.password as password6_2_1_, user0_.roles as roles7_2_1_, generalseq1_.number as number1_0_0_ from user user0_ left outer join id generalseq1_ on user0_.idd=generalseq1_.number where user0_.idd=?


******PAYMENT********
ivanhoe@acme.com
Hibernate: select user0_.email as email1_2_0_, user0_.id as id2_2_0_, user0_.lastname as lastname3_2_0_, user0_.months as months4_2_0_, user0_.name as name5_2_0_, user0_.idd as idd8_2_0_, user0_.password as password6_2_0_, user0_.roles as roles7_2_0_, generalseq1_.number as number1_0_1_ from user user0_ left outer join id generalseq1_ on user0_.idd=generalseq1_.number where user0_.email=?
Hibernate: select payslips0_.user_email as user_ema7_1_0_, payslips0_.id as id1_1_0_, payslips0_.id as id1_1_1_, payslips0_.date as date2_1_1_, payslips0_.lastname as lastname3_1_1_, payslips0_.name as name4_1_1_, payslips0_.period as period5_1_1_, payslips0_.salary as salary6_1_1_, payslips0_.user_email as user_ema7_1_1_ from pay_slip payslips0_ where payslips0_.user_email=?
?[1;31m
Start test 43?[0m
Hibernate: select user0_.email as email1_2_, user0_.id as id2_2_, user0_.lastname as lastname3_2_, user0_.months as months4_2_, user0_.name as name5_2_, user0_.idd as idd8_2_, user0_.password as password6_2_, user0_.roles as roles7_2_ from user user0_ where user0_.email=?
Hibernate: select generalseq0_.number as number1_0_0_, user1_.email as email1_2_1_, user1_.id as id2_2_1_, user1_.lastname as lastname3_2_1_, user1_.months as months4_2_1_, user1_.name as name5_2_1_, user1_.idd as idd8_2_1_, user1_.password as password6_2_1_, user1_.roles as roles7_2_1_ from id generalseq0_ left outer join user user1_ on generalseq0_.number=user1_.idd where generalseq0_.number=?
Hibernate: select user0_.email as email1_2_1_, user0_.id as id2_2_1_, user0_.lastname as lastname3_2_1_, user0_.months as months4_2_1_, user0_.name as name5_2_1_, user0_.idd as idd8_2_1_, user0_.password as password6_2_1_, user0_.roles as roles7_2_1_, generalseq1_.number as number1_0_0_ from user user0_ left outer join id generalseq1_ on user0_.idd=generalseq1_.number where user0_.idd=?
Hibernate: select user0_.email as email1_2_, user0_.id as id2_2_, user0_.lastname as lastname3_2_, user0_.months as months4_2_, user0_.name as name5_2_, user0_.idd as idd8_2_, user0_.password as password6_2_, user0_.roles as roles7_2_ from user user0_
Hibernate: select generalseq0_.number as number1_0_0_, user1_.email as email1_2_1_, user1_.id as id2_2_1_, user1_.lastname as lastname3_2_1_, user1_.months as months4_2_1_, user1_.name as name5_2_1_, user1_.idd as idd8_2_1_, user1_.password as password6_2_1_, user1_.roles as roles7_2_1_ from id generalseq0_ left outer join user user1_ on generalseq0_.number=user1_.idd where generalseq0_.number=?
Hibernate: select user0_.email as email1_2_1_, user0_.id as id2_2_1_, user0_.lastname as lastname3_2_1_, user0_.months as months4_2_1_, user0_.name as name5_2_1_, user0_.idd as idd8_2_1_, user0_.password as password6_2_1_, user0_.roles as roles7_2_1_, generalseq1_.number as number1_0_0_ from user user0_ left outer join id generalseq1_ on user0_.idd=generalseq1_.number where user0_.idd=?
Hibernate: select generalseq0_.number as number1_0_0_, user1_.email as email1_2_1_, user1_.id as id2_2_1_, user1_.lastname as lastname3_2_1_, user1_.months as months4_2_1_, user1_.name as name5_2_1_, user1_.idd as idd8_2_1_, user1_.password as password6_2_1_, user1_.roles as roles7_2_1_ from id generalseq0_ left outer join user user1_ on generalseq0_.number=user1_.idd where generalseq0_.number=?
Hibernate: select user0_.email as email1_2_1_, user0_.id as id2_2_1_, user0_.lastname as lastname3_2_1_, user0_.months as months4_2_1_, user0_.name as name5_2_1_, user0_.idd as idd8_2_1_, user0_.password as password6_2_1_, user0_.roles as roles7_2_1_, generalseq1_.number as number1_0_0_ from user user0_ left outer join id generalseq1_ on user0_.idd=generalseq1_.number where user0_.idd=?
[...]
Hibernate: select user0_.email as email1_2_1_, user0_.id as id2_2_1_, user0_.lastname as lastname3_2_1_, user0_.months as months4_2_1_, user0_.name as name5_2_1_, user0_.idd as idd8_2_1_, user0_.password as password6_2_1_, user0_.roles as roles7_2_1_, generalseq1_.number as number1_0_0_ from user user0_ left outer join id generalseq1_ on user0_.idd=generalseq1_.number where user0_.idd=?


******PAYMENT********
ivanivanov@acme.com
Hibernate: select user0_.email as email1_2_0_, user0_.id as id2_2_0_, user0_.lastname as lastname3_2_0_, user0_.months as months4_2_0_, user0_.name as name5_2_0_, user0_.idd as idd8_2_0_, user0_.password as password6_2_0_, user0_.roles as roles7_2_0_, generalseq1_.number as number1_0_1_ from user user0_ left outer join id generalseq1_ on user0_.idd=generalseq1_.number where user0_.email=?
Hibernate: select payslips0_.user_email as user_ema7_1_0_, payslips0_.id as id1_1_0_, payslips0_.id as id1_1_1_, payslips0_.date as date2_1_1_, payslips0_.lastname as lastname3_1_1_, payslips0_.name as name4_1_1_, payslips0_.period as period5_1_1_, payslips0_.salary as salary6_1_1_, payslips0_.user_email as user_ema7_1_1_ from pay_slip payslips0_ where payslips0_.user_email=?
?[1;31m
Start test 68?[0m
Hibernate: select user0_.email as email1_2_, user0_.id as id2_2_, user0_.lastname as lastname3_2_, user0_.months as months4_2_, user0_.name as name5_2_, user0_.idd as idd8_2_, user0_.password as password6_2_, user0_.roles as roles7_2_ from user user0_ where user0_.email=?
Hibernate: select generalseq0_.number as number1_0_0_, user1_.email as email1_2_1_, user1_.id as id2_2_1_, user1_.lastname as lastname3_2_1_, user1_.months as months4_2_1_, user1_.name as name5_2_1_, user1_.idd as idd8_2_1_, user1_.password as password6_2_1_, user1_.roles as roles7_2_1_ from id generalseq0_ left outer join user user1_ on generalseq0_.number=user1_.idd where generalseq0_.number=?
Hibernate: select user0_.email as email1_2_1_, user0_.id as id2_2_1_, user0_.lastname as lastname3_2_1_, user0_.months as months4_2_1_, user0_.name as name5_2_1_, user0_.idd as idd8_2_1_, user0_.password as password6_2_1_, user0_.roles as roles7_2_1_, generalseq1_.number as number1_0_0_ from user user0_ left outer join id generalseq1_ on user0_.idd=generalseq1_.number where user0_.idd=?


********INSIDE POST api/acct/payments*******


?[1;31m
Start test 69?[0m
Hibernate: select user0_.email as email1_2_, user0_.id as id2_2_, user0_.lastname as lastname3_2_, user0_.months as months4_2_, user0_.name as name5_2_, user0_.idd as idd8_2_, user0_.password as password6_2_, user0_.roles as roles7_2_ from user user0_ where user0_.email=?
Hibernate: select generalseq0_.number as number1_0_0_, user1_.email as email1_2_1_, user1_.id as id2_2_1_, user1_.lastname as lastname3_2_1_, user1_.months as months4_2_1_, user1_.name as name5_2_1_, user1_.idd as idd8_2_1_, user1_.password as password6_2_1_, user1_.roles as roles7_2_1_ from id generalseq0_ left outer join user user1_ on generalseq0_.number=user1_.idd where generalseq0_.number=?
Hibernate: select user0_.email as email1_2_1_, user0_.id as id2_2_1_, user0_.lastname as lastname3_2_1_, user0_.months as months4_2_1_, user0_.name as name5_2_1_, user0_.idd as idd8_2_1_, user0_.password as password6_2_1_, user0_.roles as roles7_2_1_, generalseq1_.number as number1_0_0_ from user user0_ left outer join id generalseq1_ on user0_.idd=generalseq1_.number where user0_.idd=?


******PAYMENT********
maxmustermann@acme.com
Hibernate: select user0_.email as email1_2_0_, user0_.id as id2_2_0_, user0_.lastname as lastname3_2_0_, user0_.months as months4_2_0_, user0_.name as name5_2_0_, user0_.idd as idd8_2_0_, user0_.password as password6_2_0_, user0_.roles as roles7_2_0_, generalseq1_.number as number1_0_1_ from user user0_ left outer join id generalseq1_ on user0_.idd=generalseq1_.number where user0_.email=?
Hibernate: select payslips0_.user_email as user_ema7_1_0_, payslips0_.id as id1_1_0_, payslips0_.id as id1_1_1_, payslips0_.date as date2_1_1_, payslips0_.lastname as lastname3_1_1_, payslips0_.name as name4_1_1_, payslips0_.period as period5_1_1_, payslips0_.salary as salary6_1_1_, payslips0_.user_email as user_ema7_1_1_ from pay_slip payslips0_ where payslips0_.user_email=?
?[1;31m
Start test 70?[0m
Hibernate: select user0_.email as email1_2_, user0_.id as id2_2_, user0_.lastname as lastname3_2_, user0_.months as months4_2_, user0_.name as name5_2_, user0_.idd as idd8_2_, user0_.password as password6_2_, user0_.roles as roles7_2_ from user user0_ where user0_.email=?
Hibernate: select generalseq0_.number as number1_0_0_, user1_.email as email1_2_1_, user1_.id as id2_2_1_, user1_.lastname as lastname3_2_1_, user1_.months as months4_2_1_, user1_.name as name5_2_1_, user1_.idd as idd8_2_1_, user1_.password as password6_2_1_, user1_.roles as roles7_2_1_ from id generalseq0_ left outer join user user1_ on generalseq0_.number=user1_.idd where generalseq0_.number=?
Hibernate: select user0_.email as email1_2_1_, user0_.id as id2_2_1_, user0_.lastname as lastname3_2_1_, user0_.months as months4_2_1_, user0_.name as name5_2_1_, user0_.idd as idd8_2_1_, user0_.password as password6_2_1_, user0_.roles as roles7_2_1_, generalseq1_.number as number1_0_0_ from user user0_ left outer join id generalseq1_ on user0_.idd=generalseq1_.number where user0_.idd=?


********INSIDE POST api/acct/payments*******


?[1;31m
Start test 71?[0m
Hibernate: select user0_.email as email1_2_, user0_.id as id2_2_, user0_.lastname as lastname3_2_, user0_.months as months4_2_, user0_.name as name5_2_, user0_.idd as idd8_2_, user0_.password as password6_2_, user0_.roles as roles7_2_ from user user0_ where user0_.email=?
Hibernate: select generalseq0_.number as number1_0_0_, user1_.email as email1_2_1_, user1_.id as id2_2_1_, user1_.lastname as lastname3_2_1_, user1_.months as months4_2_1_, user1_.name as name5_2_1_, user1_.idd as idd8_2_1_, user1_.password as password6_2_1_, user1_.roles as roles7_2_1_ from id generalseq0_ left outer join user user1_ on generalseq0_.number=user1_.idd where generalseq0_.number=?
Hibernate: select user0_.email as email1_2_1_, user0_.id as id2_2_1_, user0_.lastname as lastname3_2_1_, user0_.months as months4_2_1_, user0_.name as name5_2_1_, user0_.idd as idd8_2_1_, user0_.password as password6_2_1_, user0_.roles as roles7_2_1_, generalseq1_.number as number1_0_0_ from user user0_ left outer join id generalseq1_ on user0_.idd=generalseq1_.number where user0_.idd=?


******PAYMENT********
maxmustermann@acme.com
Hibernate: select user0_.email as email1_2_0_, user0_.id as id2_2_0_, user0_.lastname as lastname3_2_0_, user0_.months as months4_2_0_, user0_.name as name5_2_0_, user0_.idd as idd8_2_0_, user0_.password as password6_2_0_, user0_.roles as roles7_2_0_, generalseq1_.number as number1_0_1_ from user user0_ left outer join id generalseq1_ on user0_.idd=generalseq1_.number where user0_.email=?
Hibernate: select payslips0_.user_email as user_ema7_1_0_, payslips0_.id as id1_1_0_, payslips0_.id as id1_1_1_, payslips0_.date as date2_1_1_, payslips0_.lastname as lastname3_1_1_, payslips0_.name as name4_1_1_, payslips0_.period as period5_1_1_, payslips0_.salary as salary6_1_1_, payslips0_.user_email as user_ema7_1_1_ from pay_slip payslips0_ where payslips0_.user_email=?
?[1;31m
Start test 72?[0m
Hibernate: select user0_.email as email1_2_, user0_.id as id2_2_, user0_.lastname as lastname3_2_, user0_.months as months4_2_, user0_.name as name5_2_, user0_.idd as idd8_2_, user0_.password as password6_2_, user0_.roles as roles7_2_ from user user0_ where user0_.email=?
Hibernate: select generalseq0_.number as number1_0_0_, user1_.email as email1_2_1_, user1_.id as id2_2_1_, user1_.lastname as lastname3_2_1_, user1_.months as months4_2_1_, user1_.name as name5_2_1_, user1_.idd as idd8_2_1_, user1_.password as password6_2_1_, user1_.roles as roles7_2_1_ from id generalseq0_ left outer join user user1_ on generalseq0_.number=user1_.idd where generalseq0_.number=?
Hibernate: select user0_.email as email1_2_1_, user0_.id as id2_2_1_, user0_.lastname as lastname3_2_1_, user0_.months as months4_2_1_, user0_.name as name5_2_1_, user0_.idd as idd8_2_1_, user0_.password as password6_2_1_, user0_.roles as roles7_2_1_, generalseq1_.number as number1_0_0_ from user user0_ left outer join id generalseq1_ on user0_.idd=generalseq1_.number where user0_.idd=?


********INSIDE POST api/acct/payments*******


Hibernate: select user0_.email as email1_2_0_, user0_.id as id2_2_0_, user0_.lastname as lastname3_2_0_, user0_.months as months4_2_0_, user0_.name as name5_2_0_, user0_.idd as idd8_2_0_, user0_.password as password6_2_0_, user0_.roles as roles7_2_0_, generalseq1_.number as number1_0_1_ from user user0_ left outer join id generalseq1_ on user0_.idd=generalseq1_.number where user0_.email=?
?[1;31m
Start test 73?[0m
Hibernate: select user0_.email as email1_2_, user0_.id as id2_2_, user0_.lastname as lastname3_2_, user0_.months as months4_2_, user0_.name as name5_2_, user0_.idd as idd8_2_, user0_.password as password6_2_, user0_.roles as roles7_2_ from user user0_ where user0_.email=?
Hibernate: select generalseq0_.number as number1_0_0_, user1_.email as email1_2_1_, user1_.id as id2_2_1_, user1_.lastname as lastname3_2_1_, user1_.months as months4_2_1_, user1_.name as name5_2_1_, user1_.idd as idd8_2_1_, user1_.password as password6_2_1_, user1_.roles as roles7_2_1_ from id generalseq0_ left outer join user user1_ on generalseq0_.number=user1_.idd where generalseq0_.number=?
Hibernate: select user0_.email as email1_2_1_, user0_.id as id2_2_1_, user0_.lastname as lastname3_2_1_, user0_.months as months4_2_1_, user0_.name as name5_2_1_, user0_.idd as idd8_2_1_, user0_.password as password6_2_1_, user0_.roles as roles7_2_1_, generalseq1_.number as number1_0_0_ from user user0_ left outer join id generalseq1_ on user0_.idd=generalseq1_.number where user0_.idd=?


******PAYMENT********
maxmustermann@acme.com
Hibernate: select user0_.email as email1_2_0_, user0_.id as id2_2_0_, user0_.lastname as lastname3_2_0_, user0_.months as months4_2_0_, user0_.name as name5_2_0_, user0_.idd as idd8_2_0_, user0_.password as password6_2_0_, user0_.roles as roles7_2_0_, generalseq1_.number as number1_0_1_ from user user0_ left outer join id generalseq1_ on user0_.idd=generalseq1_.number where user0_.email=?
Hibernate: select payslips0_.user_email as user_ema7_1_0_, payslips0_.id as id1_1_0_, payslips0_.id as id1_1_1_, payslips0_.date as date2_1_1_, payslips0_.lastname as lastname3_1_1_, payslips0_.name as name4_1_1_, payslips0_.period as period5_1_1_, payslips0_.salary as salary6_1_1_, payslips0_.user_email as user_ema7_1_1_ from pay_slip payslips0_ where payslips0_.user_email=?
?[1;31m
Start test 74?[0m
Hibernate: select user0_.email as email1_2_, user0_.id as id2_2_, user0_.lastname as lastname3_2_, user0_.months as months4_2_, user0_.name as name5_2_, user0_.idd as idd8_2_, user0_.password as password6_2_, user0_.roles as roles7_2_ from user user0_ where user0_.email=?
Hibernate: select generalseq0_.number as number1_0_0_, user1_.email as email1_2_1_, user1_.id as id2_2_1_, user1_.lastname as lastname3_2_1_, user1_.months as months4_2_1_, user1_.name as name5_2_1_, user1_.idd as idd8_2_1_, user1_.password as password6_2_1_, user1_.roles as roles7_2_1_ from id generalseq0_ left outer join user user1_ on generalseq0_.number=user1_.idd where generalseq0_.number=?
Hibernate: select user0_.email as email1_2_1_, user0_.id as id2_2_1_, user0_.lastname as lastname3_2_1_, user0_.months as months4_2_1_, user0_.name as name5_2_1_, user0_.idd as idd8_2_1_, user0_.password as password6_2_1_, user0_.roles as roles7_2_1_, generalseq1_.number as number1_0_0_ from user user0_ left outer join id generalseq1_ on user0_.idd=generalseq1_.number where user0_.idd=?


****INSIDE PUT api/acct/payments******


Hibernate: select user0_.email as email1_2_0_, user0_.id as id2_2_0_, user0_.lastname as lastname3_2_0_, user0_.months as months4_2_0_, user0_.name as name5_2_0_, user0_.idd as idd8_2_0_, user0_.password as password6_2_0_, user0_.roles as roles7_2_0_, generalseq1_.number as number1_0_1_ from user user0_ left outer join id generalseq1_ on user0_.idd=generalseq1_.number where user0_.email=?
?[1;31m
Start test 75?[0m
Hibernate: select user0_.email as email1_2_, user0_.id as id2_2_, user0_.lastname as lastname3_2_, user0_.months as months4_2_, user0_.name as name5_2_, user0_.idd as idd8_2_, user0_.password as password6_2_, user0_.roles as roles7_2_ from user user0_ where user0_.email=?
Hibernate: select generalseq0_.number as number1_0_0_, user1_.email as email1_2_1_, user1_.id as id2_2_1_, user1_.lastname as lastname3_2_1_, user1_.months as months4_2_1_, user1_.name as name5_2_1_, user1_.idd as idd8_2_1_, user1_.password as password6_2_1_, user1_.roles as roles7_2_1_ from id generalseq0_ left outer join user user1_ on generalseq0_.number=user1_.idd where generalseq0_.number=?
Hibernate: select user0_.email as email1_2_1_, user0_.id as id2_2_1_, user0_.lastname as lastname3_2_1_, user0_.months as months4_2_1_, user0_.name as name5_2_1_, user0_.idd as idd8_2_1_, user0_.password as password6_2_1_, user0_.roles as roles7_2_1_, generalseq1_.number as number1_0_0_ from user user0_ left outer join id generalseq1_ on user0_.idd=generalseq1_.number where user0_.idd=?


****INSIDE PUT api/acct/payments******


Hibernate: select user0_.email as email1_2_0_, user0_.id as id2_2_0_, user0_.lastname as lastname3_2_0_, user0_.months as months4_2_0_, user0_.name as name5_2_0_, user0_.idd as idd8_2_0_, user0_.password as password6_2_0_, user0_.roles as roles7_2_0_, generalseq1_.number as number1_0_1_ from user user0_ left outer join id generalseq1_ on user0_.idd=generalseq1_.number where user0_.email=?
?[1;31m
Start test 76?[0m
Hibernate: select user0_.email as email1_2_, user0_.id as id2_2_, user0_.lastname as lastname3_2_, user0_.months as months4_2_, user0_.name as name5_2_, user0_.idd as idd8_2_, user0_.password as password6_2_, user0_.roles as roles7_2_ from user user0_ where user0_.email=?
Hibernate: select generalseq0_.number as number1_0_0_, user1_.email as email1_2_1_, user1_.id as id2_2_1_, user1_.lastname as lastname3_2_1_, user1_.months as months4_2_1_, user1_.name as name5_2_1_, user1_.idd as idd8_2_1_, user1_.password as password6_2_1_, user1_.roles as roles7_2_1_ from id generalseq0_ left outer join user user1_ on generalseq0_.number=user1_.idd where generalseq0_.number=?
Hibernate: select user0_.email as email1_2_1_, user0_.id as id2_2_1_, user0_.lastname as lastname3_2_1_, user0_.months as months4_2_1_, user0_.name as name5_2_1_, user0_.idd as idd8_2_1_, user0_.password as password6_2_1_, user0_.roles as roles7_2_1_, generalseq1_.number as number1_0_0_ from user user0_ left outer join id generalseq1_ on user0_.idd=generalseq1_.number where user0_.idd=?


****INSIDE PUT api/acct/payments******


Hibernate: select user0_.email as email1_2_0_, user0_.id as id2_2_0_, user0_.lastname as lastname3_2_0_, user0_.months as months4_2_0_, user0_.name as name5_2_0_, user0_.idd as idd8_2_0_, user0_.password as password6_2_0_, user0_.roles as roles7_2_0_, generalseq1_.number as number1_0_1_ from user user0_ left outer join id generalseq1_ on user0_.idd=generalseq1_.number where user0_.email=?
Hibernate: select payslips0_.user_email as user_ema7_1_0_, payslips0_.id as id1_1_0_, payslips0_.id as id1_1_1_, payslips0_.date as date2_1_1_, payslips0_.lastname as lastname3_1_1_, payslips0_.name as name4_1_1_, payslips0_.period as period5_1_1_, payslips0_.salary as salary6_1_1_, payslips0_.user_email as user_ema7_1_1_ from pay_slip payslips0_ where payslips0_.user_email=?
Hibernate: update pay_slip set date=?, lastname=?, name=?, period=?, salary=?, user_email=? where id=?
?[1;31m
Start test 77?[0m
Hibernate: select user0_.email as email1_2_, user0_.id as id2_2_, user0_.lastname as lastname3_2_, user0_.months as months4_2_, user0_.name as name5_2_, user0_.idd as idd8_2_, user0_.password as password6_2_, user0_.roles as roles7_2_ from user user0_ where user0_.email=?
Hibernate: select generalseq0_.number as number1_0_0_, user1_.email as email1_2_1_, user1_.id as id2_2_1_, user1_.lastname as lastname3_2_1_, user1_.months as months4_2_1_, user1_.name as name5_2_1_, user1_.idd as idd8_2_1_, user1_.password as password6_2_1_, user1_.roles as roles7_2_1_ from id generalseq0_ left outer join user user1_ on generalseq0_.number=user1_.idd where generalseq0_.number=?
Hibernate: select user0_.email as email1_2_1_, user0_.id as id2_2_1_, user0_.lastname as lastname3_2_1_, user0_.months as months4_2_1_, user0_.name as name5_2_1_, user0_.idd as idd8_2_1_, user0_.password as password6_2_1_, user0_.roles as roles7_2_1_, generalseq1_.number as number1_0_0_ from user user0_ left outer join id generalseq1_ on user0_.idd=generalseq1_.number where user0_.idd=?


******PAYMENT********
maxmustermann@acme.com
Hibernate: select user0_.email as email1_2_0_, user0_.id as id2_2_0_, user0_.lastname as lastname3_2_0_, user0_.months as months4_2_0_, user0_.name as name5_2_0_, user0_.idd as idd8_2_0_, user0_.password as password6_2_0_, user0_.roles as roles7_2_0_, generalseq1_.number as number1_0_1_ from user user0_ left outer join id generalseq1_ on user0_.idd=generalseq1_.number where user0_.email=?
Hibernate: select payslips0_.user_email as user_ema7_1_0_, payslips0_.id as id1_1_0_, payslips0_.id as id1_1_1_, payslips0_.date as date2_1_1_, payslips0_.lastname as lastname3_1_1_, payslips0_.name as name4_1_1_, payslips0_.period as period5_1_1_, payslips0_.salary as salary6_1_1_, payslips0_.user_email as user_ema7_1_1_ from pay_slip payslips0_ where payslips0_.user_email=?
?[1;31m
Start test 78?[0m
Hibernate: select user0_.email as email1_2_, user0_.id as id2_2_, user0_.lastname as lastname3_2_, user0_.months as months4_2_, user0_.name as name5_2_, user0_.idd as idd8_2_, user0_.password as password6_2_, user0_.roles as roles7_2_ from user user0_ where user0_.email=?
Hibernate: select generalseq0_.number as number1_0_0_, user1_.email as email1_2_1_, user1_.id as id2_2_1_, user1_.lastname as lastname3_2_1_, user1_.months as months4_2_1_, user1_.name as name5_2_1_, user1_.idd as idd8_2_1_, user1_.password as password6_2_1_, user1_.roles as roles7_2_1_ from id generalseq0_ left outer join user user1_ on generalseq0_.number=user1_.idd where generalseq0_.number=?
Hibernate: select user0_.email as email1_2_1_, user0_.id as id2_2_1_, user0_.lastname as lastname3_2_1_, user0_.months as months4_2_1_, user0_.name as name5_2_1_, user0_.idd as idd8_2_1_, user0_.password as password6_2_1_, user0_.roles as roles7_2_1_, generalseq1_.number as number1_0_0_ from user user0_ left outer join id generalseq1_ on user0_.idd=generalseq1_.number where user0_.idd=?


******PAYMENT********
maxmustermann@acme.com
Hibernate: select user0_.email as email1_2_0_, user0_.id as id2_2_0_, user0_.lastname as lastname3_2_0_, user0_.months as months4_2_0_, user0_.name as name5_2_0_, user0_.idd as idd8_2_0_, user0_.password as password6_2_0_, user0_.roles as roles7_2_0_, generalseq1_.number as number1_0_1_ from user user0_ left outer join id generalseq1_ on user0_.idd=generalseq1_.number where user0_.email=?
Hibernate: select payslips0_.user_email as user_ema7_1_0_, payslips0_.id as id1_1_0_, payslips0_.id as id1_1_1_, payslips0_.date as date2_1_1_, payslips0_.lastname as lastname3_1_1_, payslips0_.name as name4_1_1_, payslips0_.period as period5_1_1_, payslips0_.salary as salary6_1_1_, payslips0_.user_email as user_ema7_1_1_ from pay_slip payslips0_ where payslips0_.user_email=?
]]></system-out>
  <system-err><![CDATA[]]></system-err>
</testsuite>
