<?xml version="1.0" encoding="UTF-8"?>
<testsuite name="AccountServiceTest" tests="1" skipped="0" failures="1" errors="0" timestamp="2022-08-16T08:00:04" hostname="LAPTOP-VBFHQFG2" time="7.759">
  <properties/>
  <testcase name="start" classname="AccountServiceTest" time="7.759">
    <failure message="java.lang.AssertionError: Wrong answer in test #12&#10;&#10;The JSON object should contain a key &quot;roles&quot;&#10;&#10;Full JSON:&#10;{&#10;  &quot;email&quot;: &quot;johndoe@acme.com&quot;,&#10;  &quot;name&quot;: &quot;John&quot;,&#10;  &quot;id&quot;: 1,&#10;  &quot;lastname&quot;: &quot;Doe&quot;&#10;}&#10;&#10;Please find below the output of your program during this failed test.&#10;&#10;---&#10;&#10;[last 250 lines of output are shown, 21 skipped]&#10;2022-08-16 11:00:08.446  INFO 17804 --- [    Test worker] o.s.s.concurrent.ThreadPoolTaskExecutor  : Initializing ExecutorService 'applicationTaskExecutor'&#10;2022-08-16 11:00:08.509  INFO 17804 --- [         task-1] o.hibernate.jpa.internal.util.LogHelper  : HHH000204: Processing PersistenceUnitInfo [name: default]&#10;2022-08-16 11:00:08.564  WARN 17804 --- [    Test worker] JpaBaseConfiguration$JpaWebConfiguration : spring.jpa.open-in-view is enabled by default. Therefore, database queries may be performed during view rendering. Explicitly configure spring.jpa.open-in-view to disable this warning&#10;2022-08-16 11:00:08.609  INFO 17804 --- [         task-1] org.hibernate.Version                    : HHH000412: Hibernate ORM core version 5.4.17.Final&#10;2022-08-16 11:00:08.957  INFO 17804 --- [         task-1] o.hibernate.annotations.common.Version   : HCANN000001: Hibernate Commons Annotations {5.1.0.Final}&#10;2022-08-16 11:00:09.189  INFO 17804 --- [         task-1] org.hibernate.dialect.Dialect            : HHH000400: Using dialect: org.hibernate.dialect.H2Dialect&#10;Hibernate: create table id (number bigint not null, primary key (number))&#10;Hibernate: create table pay_slip (id bigint not null, date varchar(255), lastname varchar(255), name varchar(255), period varchar(255), salary varchar(255), user_email varchar(255) not null, primary key (id))&#10;Hibernate: create table user (email varchar(255) not null, id bigint, lastname varchar(30), months binary(255), name varchar(30), password varchar(255), idd bigint, primary key (email))&#10;Hibernate: create sequence hibernate_sequence start with 1 increment by 1&#10;Hibernate: alter table pay_slip add constraint FK6iq3q6htw3itl605wlhkcjutn foreign key (user_email) references user&#10;Hibernate: alter table user add constraint FK3mi03cam43b65y2a7q2o4mbc0 foreign key (idd) references id&#10;2022-08-16 11:00:10.157  INFO 17804 --- [         task-1] o.h.e.t.j.p.i.JtaPlatformInitiator       : HHH000490: Using JtaPlatform implementation: [org.hibernate.engine.transaction.jta.platform.internal.NoJtaPlatform]&#10;2022-08-16 11:00:10.169  INFO 17804 --- [         task-1] j.LocalContainerEntityManagerFactoryBean : Initialized JPA EntityManagerFactory for persistence unit 'default'&#10;2022-08-16 11:00:10.362  INFO 17804 --- [    Test worker] o.s.b.a.e.web.EndpointLinksResolver      : Exposing 14 endpoint(s) beneath base path '/actuator'&#10;2022-08-16 11:00:10.415  INFO 17804 --- [    Test worker] o.s.s.web.DefaultSecurityFilterChain     : Creating filter chain: any request, [org.springframework.security.web.context.request.async.WebAsyncManagerIntegrationFilter@156ff70f, org.springframework.security.web.context.SecurityContextPersistenceFilter@43756cb, org.springframework.security.web.header.HeaderWriterFilter@66863941, org.springframework.security.web.authentication.logout.LogoutFilter@70439c3, org.springframework.security.web.authentication.www.BasicAuthenticationFilter@58f50dd0, org.springframework.security.web.savedrequest.RequestCacheAwareFilter@4e96cb04, org.springframework.security.web.servletapi.SecurityContextHolderAwareRequestFilter@69bc4024, org.springframework.security.web.authentication.AnonymousAuthenticationFilter@c5a2d5, org.springframework.security.web.session.SessionManagementFilter@16f34376, org.springframework.security.web.access.ExceptionTranslationFilter@d512c1, org.springframework.security.web.access.intercept.FilterSecurityInterceptor@5f33e6d]&#10;2022-08-16 11:00:10.683  INFO 17804 --- [    Test worker] o.s.b.w.embedded.tomcat.TomcatWebServer  : Tomcat started on port(s): 28852 (http) with context path ''&#10;2022-08-16 11:00:10.684  INFO 17804 --- [    Test worker] DeferredRepositoryInitializationListener : Triggering deferred initialization of Spring Data repositories…&#10;2022-08-16 11:00:11.087  INFO 17804 --- [    Test worker] DeferredRepositoryInitializationListener : Spring Data repositories initialized!&#10;2022-08-16 11:00:11.101  INFO 17804 --- [    Test worker] account.AccountServiceApplication        : Started AccountServiceApplication in 5.79 seconds (JVM running for 6.769)&#10;2022-08-16 11:00:11.492  INFO 17804 --- [io-28852-exec-1] o.a.c.c.C.[Tomcat].[localhost].[/]       : Initializing Spring DispatcherServlet 'dispatcherServlet'&#10;2022-08-16 11:00:11.493  INFO 17804 --- [io-28852-exec-1] o.s.web.servlet.DispatcherServlet        : Initializing Servlet 'dispatcherServlet'&#10;2022-08-16 11:00:11.501  INFO 17804 --- [io-28852-exec-1] o.s.web.servlet.DispatcherServlet        : Completed initialization in 8 ms&#10;&#10;&#10;REGISTRATION&#10;&#10;&#10;Doe&#10;JohnDoe@acme.com&#10;oMoa3VvqnLxW&#10;********************&#10;&#10;&#10;REGISTRATION&#10;&#10;null&#10;Doe&#10;JohnDoe@acme.com&#10;oMoa3VvqnLxW&#10;********************&#10;&#10;&#10;REGISTRATION&#10;&#10;John&#10;&#10;JohnDoe@acme.com&#10;oMoa3VvqnLxW&#10;********************&#10;&#10;&#10;REGISTRATION&#10;&#10;John&#10;null&#10;JohnDoe@acme.com&#10;oMoa3VvqnLxW&#10;********************&#10;&#10;&#10;REGISTRATION&#10;&#10;John&#10;Doe&#10;&#10;oMoa3VvqnLxW&#10;********************&#10;&#10;&#10;REGISTRATION&#10;&#10;John&#10;Doe&#10;null&#10;oMoa3VvqnLxW&#10;********************&#10;&#10;&#10;REGISTRATION&#10;&#10;John&#10;Doe&#10;JohnDoe@acme.com&#10;&#10;********************&#10;&#10;&#10;REGISTRATION&#10;&#10;John&#10;Doe&#10;JohnDoe@acme.com&#10;null&#10;********************&#10;&#10;&#10;REGISTRATION&#10;&#10;John&#10;Doe&#10;johndoeacme.com&#10;oMoa3VvqnLxW&#10;********************&#10;&#10;&#10;REGISTRATION&#10;&#10;John&#10;Doe&#10;johndoe@google.com&#10;oMoa3VvqnLxW&#10;********************&#10;&#10;&#10;REGISTRATION&#10;&#10;John&#10;Doe&#10;JohnDoe@acme.com&#10;PasswordForJanuary&#10;********************&#10;Hibernate: select count(*) as col_0_0_ from user user0_ where user0_.email=?&#10;&#10;&#10;REGISTRATION&#10;&#10;John&#10;Doe&#10;JohnDoe@acme.com&#10;PasswordForFebruary&#10;********************&#10;Hibernate: select count(*) as col_0_0_ from user user0_ where user0_.email=?&#10;&#10;&#10;REGISTRATION&#10;&#10;John&#10;Doe&#10;JohnDoe@acme.com&#10;PasswordForMarch&#10;********************&#10;Hibernate: select count(*) as col_0_0_ from user user0_ where user0_.email=?&#10;&#10;&#10;REGISTRATION&#10;&#10;John&#10;Doe&#10;JohnDoe@acme.com&#10;PasswordForApril&#10;********************&#10;Hibernate: select count(*) as col_0_0_ from user user0_ where user0_.email=?&#10;&#10;&#10;REGISTRATION&#10;&#10;John&#10;Doe&#10;JohnDoe@acme.com&#10;PasswordForMay&#10;********************&#10;Hibernate: select count(*) as col_0_0_ from user user0_ where user0_.email=?&#10;&#10;&#10;REGISTRATION&#10;&#10;John&#10;Doe&#10;JohnDoe@acme.com&#10;PasswordForJune&#10;********************&#10;Hibernate: select count(*) as col_0_0_ from user user0_ where user0_.email=?&#10;&#10;&#10;REGISTRATION&#10;&#10;John&#10;Doe&#10;JohnDoe@acme.com&#10;PasswordForJuly&#10;********************&#10;Hibernate: select count(*) as col_0_0_ from user user0_ where user0_.email=?&#10;&#10;&#10;REGISTRATION&#10;&#10;John&#10;Doe&#10;JohnDoe@acme.com&#10;PasswordForAugust&#10;********************&#10;Hibernate: select count(*) as col_0_0_ from user user0_ where user0_.email=?&#10;&#10;&#10;REGISTRATION&#10;&#10;John&#10;Doe&#10;JohnDoe@acme.com&#10;PasswordForSeptember&#10;********************&#10;Hibernate: select count(*) as col_0_0_ from user user0_ where user0_.email=?&#10;&#10;&#10;REGISTRATION&#10;&#10;John&#10;Doe&#10;JohnDoe@acme.com&#10;PasswordForOctober&#10;********************&#10;Hibernate: select count(*) as col_0_0_ from user user0_ where user0_.email=?&#10;&#10;&#10;REGISTRATION&#10;&#10;John&#10;Doe&#10;JohnDoe@acme.com&#10;PasswordForNovember&#10;********************&#10;Hibernate: select count(*) as col_0_0_ from user user0_ where user0_.email=?&#10;&#10;&#10;REGISTRATION&#10;&#10;John&#10;Doe&#10;JohnDoe@acme.com&#10;PasswordForDecember&#10;********************&#10;Hibernate: select count(*) as col_0_0_ from user user0_ where user0_.email=?&#10;&#10;&#10;REGISTRATION&#10;&#10;John&#10;Doe&#10;JohnDoe@acme.com&#10;oMoa3VvqnLxW&#10;********************&#10;Hibernate: select count(*) as col_0_0_ from user user0_ where user0_.email=?&#10;SAVED!!!&#10;&#10;Hibernate: select user0_.email as email1_2_1_, user0_.id as id2_2_1_, user0_.lastname as lastname3_2_1_, user0_.months as months4_2_1_, user0_.name as name5_2_1_, user0_.idd as idd7_2_1_, user0_.password as password6_2_1_, generalseq1_.number as number1_0_0_ from user user0_ left outer join id generalseq1_ on user0_.idd=generalseq1_.number where user0_.email=?&#10;Hibernate: call next value for hibernate_sequence&#10;Hibernate: insert into id (number) values (?)&#10;Hibernate: insert into user (id, lastname, months, name, idd, password, email) values (?, ?, ?, ?, ?, ?, ?)&#10;Hibernate: update user set id=?, lastname=?, months=?, name=?, idd=?, password=? where email=?" type="java.lang.AssertionError">java.lang.AssertionError: Wrong answer in test #12

The JSON object should contain a key &quot;roles&quot;

Full JSON:
{
  &quot;email&quot;: &quot;johndoe@acme.com&quot;,
  &quot;name&quot;: &quot;John&quot;,
  &quot;id&quot;: 1,
  &quot;lastname&quot;: &quot;Doe&quot;
}

Please find below the output of your program during this failed test.

---

[last 250 lines of output are shown, 21 skipped]
2022-08-16 11:00:08.446  INFO 17804 --- [    Test worker] o.s.s.concurrent.ThreadPoolTaskExecutor  : Initializing ExecutorService 'applicationTaskExecutor'
2022-08-16 11:00:08.509  INFO 17804 --- [         task-1] o.hibernate.jpa.internal.util.LogHelper  : HHH000204: Processing PersistenceUnitInfo [name: default]
2022-08-16 11:00:08.564  WARN 17804 --- [    Test worker] JpaBaseConfiguration$JpaWebConfiguration : spring.jpa.open-in-view is enabled by default. Therefore, database queries may be performed during view rendering. Explicitly configure spring.jpa.open-in-view to disable this warning
2022-08-16 11:00:08.609  INFO 17804 --- [         task-1] org.hibernate.Version                    : HHH000412: Hibernate ORM core version 5.4.17.Final
2022-08-16 11:00:08.957  INFO 17804 --- [         task-1] o.hibernate.annotations.common.Version   : HCANN000001: Hibernate Commons Annotations {5.1.0.Final}
2022-08-16 11:00:09.189  INFO 17804 --- [         task-1] org.hibernate.dialect.Dialect            : HHH000400: Using dialect: org.hibernate.dialect.H2Dialect
Hibernate: create table id (number bigint not null, primary key (number))
Hibernate: create table pay_slip (id bigint not null, date varchar(255), lastname varchar(255), name varchar(255), period varchar(255), salary varchar(255), user_email varchar(255) not null, primary key (id))
Hibernate: create table user (email varchar(255) not null, id bigint, lastname varchar(30), months binary(255), name varchar(30), password varchar(255), idd bigint, primary key (email))
Hibernate: create sequence hibernate_sequence start with 1 increment by 1
Hibernate: alter table pay_slip add constraint FK6iq3q6htw3itl605wlhkcjutn foreign key (user_email) references user
Hibernate: alter table user add constraint FK3mi03cam43b65y2a7q2o4mbc0 foreign key (idd) references id
2022-08-16 11:00:10.157  INFO 17804 --- [         task-1] o.h.e.t.j.p.i.JtaPlatformInitiator       : HHH000490: Using JtaPlatform implementation: [org.hibernate.engine.transaction.jta.platform.internal.NoJtaPlatform]
2022-08-16 11:00:10.169  INFO 17804 --- [         task-1] j.LocalContainerEntityManagerFactoryBean : Initialized JPA EntityManagerFactory for persistence unit 'default'
2022-08-16 11:00:10.362  INFO 17804 --- [    Test worker] o.s.b.a.e.web.EndpointLinksResolver      : Exposing 14 endpoint(s) beneath base path '/actuator'
2022-08-16 11:00:10.415  INFO 17804 --- [    Test worker] o.s.s.web.DefaultSecurityFilterChain     : Creating filter chain: any request, [org.springframework.security.web.context.request.async.WebAsyncManagerIntegrationFilter@156ff70f, org.springframework.security.web.context.SecurityContextPersistenceFilter@43756cb, org.springframework.security.web.header.HeaderWriterFilter@66863941, org.springframework.security.web.authentication.logout.LogoutFilter@70439c3, org.springframework.security.web.authentication.www.BasicAuthenticationFilter@58f50dd0, org.springframework.security.web.savedrequest.RequestCacheAwareFilter@4e96cb04, org.springframework.security.web.servletapi.SecurityContextHolderAwareRequestFilter@69bc4024, org.springframework.security.web.authentication.AnonymousAuthenticationFilter@c5a2d5, org.springframework.security.web.session.SessionManagementFilter@16f34376, org.springframework.security.web.access.ExceptionTranslationFilter@d512c1, org.springframework.security.web.access.intercept.FilterSecurityInterceptor@5f33e6d]
2022-08-16 11:00:10.683  INFO 17804 --- [    Test worker] o.s.b.w.embedded.tomcat.TomcatWebServer  : Tomcat started on port(s): 28852 (http) with context path ''
2022-08-16 11:00:10.684  INFO 17804 --- [    Test worker] DeferredRepositoryInitializationListener : Triggering deferred initialization of Spring Data repositories…
2022-08-16 11:00:11.087  INFO 17804 --- [    Test worker] DeferredRepositoryInitializationListener : Spring Data repositories initialized!
2022-08-16 11:00:11.101  INFO 17804 --- [    Test worker] account.AccountServiceApplication        : Started AccountServiceApplication in 5.79 seconds (JVM running for 6.769)
2022-08-16 11:00:11.492  INFO 17804 --- [io-28852-exec-1] o.a.c.c.C.[Tomcat].[localhost].[/]       : Initializing Spring DispatcherServlet 'dispatcherServlet'
2022-08-16 11:00:11.493  INFO 17804 --- [io-28852-exec-1] o.s.web.servlet.DispatcherServlet        : Initializing Servlet 'dispatcherServlet'
2022-08-16 11:00:11.501  INFO 17804 --- [io-28852-exec-1] o.s.web.servlet.DispatcherServlet        : Completed initialization in 8 ms


REGISTRATION


Doe
JohnDoe@acme.com
oMoa3VvqnLxW
********************


REGISTRATION

null
Doe
JohnDoe@acme.com
oMoa3VvqnLxW
********************


REGISTRATION

John

JohnDoe@acme.com
oMoa3VvqnLxW
********************


REGISTRATION

John
null
JohnDoe@acme.com
oMoa3VvqnLxW
********************


REGISTRATION

John
Doe

oMoa3VvqnLxW
********************


REGISTRATION

John
Doe
null
oMoa3VvqnLxW
********************


REGISTRATION

John
Doe
JohnDoe@acme.com

********************


REGISTRATION

John
Doe
JohnDoe@acme.com
null
********************


REGISTRATION

John
Doe
johndoeacme.com
oMoa3VvqnLxW
********************


REGISTRATION

John
Doe
johndoe@google.com
oMoa3VvqnLxW
********************


REGISTRATION

John
Doe
JohnDoe@acme.com
PasswordForJanuary
********************
Hibernate: select count(*) as col_0_0_ from user user0_ where user0_.email=?


REGISTRATION

John
Doe
JohnDoe@acme.com
PasswordForFebruary
********************
Hibernate: select count(*) as col_0_0_ from user user0_ where user0_.email=?


REGISTRATION

John
Doe
JohnDoe@acme.com
PasswordForMarch
********************
Hibernate: select count(*) as col_0_0_ from user user0_ where user0_.email=?


REGISTRATION

John
Doe
JohnDoe@acme.com
PasswordForApril
********************
Hibernate: select count(*) as col_0_0_ from user user0_ where user0_.email=?


REGISTRATION

John
Doe
JohnDoe@acme.com
PasswordForMay
********************
Hibernate: select count(*) as col_0_0_ from user user0_ where user0_.email=?


REGISTRATION

John
Doe
JohnDoe@acme.com
PasswordForJune
********************
Hibernate: select count(*) as col_0_0_ from user user0_ where user0_.email=?


REGISTRATION

John
Doe
JohnDoe@acme.com
PasswordForJuly
********************
Hibernate: select count(*) as col_0_0_ from user user0_ where user0_.email=?


REGISTRATION

John
Doe
JohnDoe@acme.com
PasswordForAugust
********************
Hibernate: select count(*) as col_0_0_ from user user0_ where user0_.email=?


REGISTRATION

John
Doe
JohnDoe@acme.com
PasswordForSeptember
********************
Hibernate: select count(*) as col_0_0_ from user user0_ where user0_.email=?


REGISTRATION

John
Doe
JohnDoe@acme.com
PasswordForOctober
********************
Hibernate: select count(*) as col_0_0_ from user user0_ where user0_.email=?


REGISTRATION

John
Doe
JohnDoe@acme.com
PasswordForNovember
********************
Hibernate: select count(*) as col_0_0_ from user user0_ where user0_.email=?


REGISTRATION

John
Doe
JohnDoe@acme.com
PasswordForDecember
********************
Hibernate: select count(*) as col_0_0_ from user user0_ where user0_.email=?


REGISTRATION

John
Doe
JohnDoe@acme.com
oMoa3VvqnLxW
********************
Hibernate: select count(*) as col_0_0_ from user user0_ where user0_.email=?
SAVED!!!

Hibernate: select user0_.email as email1_2_1_, user0_.id as id2_2_1_, user0_.lastname as lastname3_2_1_, user0_.months as months4_2_1_, user0_.name as name5_2_1_, user0_.idd as idd7_2_1_, user0_.password as password6_2_1_, generalseq1_.number as number1_0_0_ from user user0_ left outer join id generalseq1_ on user0_.idd=generalseq1_.number where user0_.email=?
Hibernate: call next value for hibernate_sequence
Hibernate: insert into id (number) values (?)
Hibernate: insert into user (id, lastname, months, name, idd, password, email) values (?, ?, ?, ?, ?, ?, ?)
Hibernate: update user set id=?, lastname=?, months=?, name=?, idd=?, password=? where email=?
	at org.junit.Assert.fail(Assert.java:89)
	at org.hyperskill.hstest.stage.StageTest.start(StageTest.java:155)
	at java.base/jdk.internal.reflect.NativeMethodAccessorImpl.invoke0(Native Method)
	at java.base/jdk.internal.reflect.NativeMethodAccessorImpl.invoke(NativeMethodAccessorImpl.java:77)
	at java.base/jdk.internal.reflect.DelegatingMethodAccessorImpl.invoke(DelegatingMethodAccessorImpl.java:43)
	at java.base/java.lang.reflect.Method.invoke(Method.java:568)
	at org.junit.runners.model.FrameworkMethod$1.runReflectiveCall(FrameworkMethod.java:59)
	at org.junit.internal.runners.model.ReflectiveCallable.run(ReflectiveCallable.java:12)
	at org.junit.runners.model.FrameworkMethod.invokeExplosively(FrameworkMethod.java:56)
	at org.junit.internal.runners.statements.InvokeMethod.evaluate(InvokeMethod.java:17)
	at org.junit.internal.runners.statements.RunAfters.evaluate(RunAfters.java:27)
	at org.junit.runners.ParentRunner$3.evaluate(ParentRunner.java:306)
	at org.junit.runners.BlockJUnit4ClassRunner$1.evaluate(BlockJUnit4ClassRunner.java:100)
	at org.junit.runners.ParentRunner.runLeaf(ParentRunner.java:366)
	at org.junit.runners.BlockJUnit4ClassRunner.runChild(BlockJUnit4ClassRunner.java:103)
	at org.junit.runners.BlockJUnit4ClassRunner.runChild(BlockJUnit4ClassRunner.java:63)
	at org.junit.runners.ParentRunner$4.run(ParentRunner.java:331)
	at org.junit.runners.ParentRunner$1.schedule(ParentRunner.java:79)
	at org.junit.runners.ParentRunner.runChildren(ParentRunner.java:329)
	at org.junit.runners.ParentRunner.access$100(ParentRunner.java:66)
	at org.junit.runners.ParentRunner$2.evaluate(ParentRunner.java:293)
	at org.junit.runners.ParentRunner$3.evaluate(ParentRunner.java:306)
	at org.junit.runners.ParentRunner.run(ParentRunner.java:413)
	at org.gradle.api.internal.tasks.testing.junit.JUnitTestClassExecutor.runTestClass(JUnitTestClassExecutor.java:110)
	at org.gradle.api.internal.tasks.testing.junit.JUnitTestClassExecutor.execute(JUnitTestClassExecutor.java:58)
	at org.gradle.api.internal.tasks.testing.junit.JUnitTestClassExecutor.execute(JUnitTestClassExecutor.java:38)
	at org.gradle.api.internal.tasks.testing.junit.AbstractJUnitTestClassProcessor.processTestClass(AbstractJUnitTestClassProcessor.java:62)
	at org.gradle.api.internal.tasks.testing.SuiteTestClassProcessor.processTestClass(SuiteTestClassProcessor.java:51)
	at java.base/jdk.internal.reflect.NativeMethodAccessorImpl.invoke0(Native Method)
	at java.base/jdk.internal.reflect.NativeMethodAccessorImpl.invoke(NativeMethodAccessorImpl.java:77)
	at java.base/jdk.internal.reflect.DelegatingMethodAccessorImpl.invoke(DelegatingMethodAccessorImpl.java:43)
	at java.base/java.lang.reflect.Method.invoke(Method.java:568)
	at org.gradle.internal.dispatch.ReflectionDispatch.dispatch(ReflectionDispatch.java:36)
	at org.gradle.internal.dispatch.ReflectionDispatch.dispatch(ReflectionDispatch.java:24)
	at org.gradle.internal.dispatch.ContextClassLoaderDispatch.dispatch(ContextClassLoaderDispatch.java:33)
	at org.gradle.internal.dispatch.ProxyDispatchAdapter$DispatchingInvocationHandler.invoke(ProxyDispatchAdapter.java:94)
	at jdk.proxy1/jdk.proxy1.$Proxy2.processTestClass(Unknown Source)
	at org.gradle.api.internal.tasks.testing.worker.TestWorker$2.run(TestWorker.java:176)
	at org.gradle.api.internal.tasks.testing.worker.TestWorker.executeAndMaintainThreadName(TestWorker.java:129)
	at org.gradle.api.internal.tasks.testing.worker.TestWorker.execute(TestWorker.java:100)
	at org.gradle.api.internal.tasks.testing.worker.TestWorker.execute(TestWorker.java:60)
	at org.gradle.process.internal.worker.child.ActionExecutionWorker.execute(ActionExecutionWorker.java:56)
	at org.gradle.process.internal.worker.child.SystemApplicationClassLoaderWorker.call(SystemApplicationClassLoaderWorker.java:133)
	at org.gradle.process.internal.worker.child.SystemApplicationClassLoaderWorker.call(SystemApplicationClassLoaderWorker.java:71)
	at worker.org.gradle.process.internal.worker.GradleWorkerMain.run(GradleWorkerMain.java:69)
	at worker.org.gradle.process.internal.worker.GradleWorkerMain.main(GradleWorkerMain.java:74)
</failure>
  </testcase>
  <system-out><![CDATA[?[1;31m
Start test 1?[0m

  .   ____          _            __ _ _
 /\\ / ___'_ __ _ _(_)_ __  __ _ \ \ \ \
( ( )\___ | '_ | '_| | '_ \/ _` | \ \ \ \
 \\/  ___)| |_)| | | | | || (_| |  ) ) ) )
  '  |____| .__|_| |_|_| |_\__, | / / / /
 =========|_|==============|___/=/_/_/_/
 :: Spring Boot ::        (v2.3.1.RELEASE)

2022-08-16 11:00:05.664  INFO 17804 --- [    Test worker] account.AccountServiceApplication        : Starting AccountServiceApplication on LAPTOP-VBFHQFG2 with PID 17804 (started by Ansis in C:\Users\Ansis\Desktop\maven\Account Service\Account Service\task)
2022-08-16 11:00:05.669  INFO 17804 --- [    Test worker] account.AccountServiceApplication        : No active profile set, falling back to default profiles: default
2022-08-16 11:00:07.012  INFO 17804 --- [    Test worker] .s.d.r.c.RepositoryConfigurationDelegate : Bootstrapping Spring Data JPA repositories in DEFERRED mode.
2022-08-16 11:00:07.090  INFO 17804 --- [    Test worker] .s.d.r.c.RepositoryConfigurationDelegate : Finished Spring Data repository scanning in 67ms. Found 3 JPA repository interfaces.
2022-08-16 11:00:07.763  INFO 17804 --- [    Test worker] o.s.b.w.embedded.tomcat.TomcatWebServer  : Tomcat initialized with port(s): 28852 (http)
2022-08-16 11:00:07.779  INFO 17804 --- [    Test worker] o.apache.catalina.core.StandardService   : Starting service [Tomcat]
2022-08-16 11:00:07.779  INFO 17804 --- [    Test worker] org.apache.catalina.core.StandardEngine  : Starting Servlet engine: [Apache Tomcat/9.0.36]
2022-08-16 11:00:07.881  INFO 17804 --- [    Test worker] o.a.c.c.C.[Tomcat].[localhost].[/]       : Initializing Spring embedded WebApplicationContext
2022-08-16 11:00:07.881  INFO 17804 --- [    Test worker] w.s.c.ServletWebServerApplicationContext : Root WebApplicationContext: initialization completed in 2147 ms
2022-08-16 11:00:08.033  INFO 17804 --- [    Test worker] com.zaxxer.hikari.HikariDataSource       : HikariPool-1 - Starting...
2022-08-16 11:00:08.271  INFO 17804 --- [    Test worker] com.zaxxer.hikari.HikariDataSource       : HikariPool-1 - Start completed.
2022-08-16 11:00:08.280  INFO 17804 --- [    Test worker] o.s.b.a.h2.H2ConsoleAutoConfiguration    : H2 console available at '/h2-console'. Database available at 'jdbc:h2:file:../service_db'
2022-08-16 11:00:08.446  INFO 17804 --- [    Test worker] o.s.s.concurrent.ThreadPoolTaskExecutor  : Initializing ExecutorService 'applicationTaskExecutor'
2022-08-16 11:00:08.509  INFO 17804 --- [         task-1] o.hibernate.jpa.internal.util.LogHelper  : HHH000204: Processing PersistenceUnitInfo [name: default]
2022-08-16 11:00:08.564  WARN 17804 --- [    Test worker] JpaBaseConfiguration$JpaWebConfiguration : spring.jpa.open-in-view is enabled by default. Therefore, database queries may be performed during view rendering. Explicitly configure spring.jpa.open-in-view to disable this warning
2022-08-16 11:00:08.609  INFO 17804 --- [         task-1] org.hibernate.Version                    : HHH000412: Hibernate ORM core version 5.4.17.Final
2022-08-16 11:00:08.957  INFO 17804 --- [         task-1] o.hibernate.annotations.common.Version   : HCANN000001: Hibernate Commons Annotations {5.1.0.Final}
2022-08-16 11:00:09.189  INFO 17804 --- [         task-1] org.hibernate.dialect.Dialect            : HHH000400: Using dialect: org.hibernate.dialect.H2Dialect
Hibernate: create table id (number bigint not null, primary key (number))
Hibernate: create table pay_slip (id bigint not null, date varchar(255), lastname varchar(255), name varchar(255), period varchar(255), salary varchar(255), user_email varchar(255) not null, primary key (id))
Hibernate: create table user (email varchar(255) not null, id bigint, lastname varchar(30), months binary(255), name varchar(30), password varchar(255), idd bigint, primary key (email))
Hibernate: create sequence hibernate_sequence start with 1 increment by 1
Hibernate: alter table pay_slip add constraint FK6iq3q6htw3itl605wlhkcjutn foreign key (user_email) references user
Hibernate: alter table user add constraint FK3mi03cam43b65y2a7q2o4mbc0 foreign key (idd) references id
2022-08-16 11:00:10.157  INFO 17804 --- [         task-1] o.h.e.t.j.p.i.JtaPlatformInitiator       : HHH000490: Using JtaPlatform implementation: [org.hibernate.engine.transaction.jta.platform.internal.NoJtaPlatform]
2022-08-16 11:00:10.169  INFO 17804 --- [         task-1] j.LocalContainerEntityManagerFactoryBean : Initialized JPA EntityManagerFactory for persistence unit 'default'
2022-08-16 11:00:10.362  INFO 17804 --- [    Test worker] o.s.b.a.e.web.EndpointLinksResolver      : Exposing 14 endpoint(s) beneath base path '/actuator'
2022-08-16 11:00:10.415  INFO 17804 --- [    Test worker] o.s.s.web.DefaultSecurityFilterChain     : Creating filter chain: any request, [org.springframework.security.web.context.request.async.WebAsyncManagerIntegrationFilter@156ff70f, org.springframework.security.web.context.SecurityContextPersistenceFilter@43756cb, org.springframework.security.web.header.HeaderWriterFilter@66863941, org.springframework.security.web.authentication.logout.LogoutFilter@70439c3, org.springframework.security.web.authentication.www.BasicAuthenticationFilter@58f50dd0, org.springframework.security.web.savedrequest.RequestCacheAwareFilter@4e96cb04, org.springframework.security.web.servletapi.SecurityContextHolderAwareRequestFilter@69bc4024, org.springframework.security.web.authentication.AnonymousAuthenticationFilter@c5a2d5, org.springframework.security.web.session.SessionManagementFilter@16f34376, org.springframework.security.web.access.ExceptionTranslationFilter@d512c1, org.springframework.security.web.access.intercept.FilterSecurityInterceptor@5f33e6d]
2022-08-16 11:00:10.683  INFO 17804 --- [    Test worker] o.s.b.w.embedded.tomcat.TomcatWebServer  : Tomcat started on port(s): 28852 (http) with context path ''
2022-08-16 11:00:10.684  INFO 17804 --- [    Test worker] DeferredRepositoryInitializationListener : Triggering deferred initialization of Spring Data repositories…
2022-08-16 11:00:11.087  INFO 17804 --- [    Test worker] DeferredRepositoryInitializationListener : Spring Data repositories initialized!
2022-08-16 11:00:11.101  INFO 17804 --- [    Test worker] account.AccountServiceApplication        : Started AccountServiceApplication in 5.79 seconds (JVM running for 6.769)
2022-08-16 11:00:11.492  INFO 17804 --- [io-28852-exec-1] o.a.c.c.C.[Tomcat].[localhost].[/]       : Initializing Spring DispatcherServlet 'dispatcherServlet'
2022-08-16 11:00:11.493  INFO 17804 --- [io-28852-exec-1] o.s.web.servlet.DispatcherServlet        : Initializing Servlet 'dispatcherServlet'
2022-08-16 11:00:11.501  INFO 17804 --- [io-28852-exec-1] o.s.web.servlet.DispatcherServlet        : Completed initialization in 8 ms


REGISTRATION


Doe
JohnDoe@acme.com
oMoa3VvqnLxW
********************
?[1;31m
Start test 2?[0m


REGISTRATION

null
Doe
JohnDoe@acme.com
oMoa3VvqnLxW
********************
?[1;31m
Start test 3?[0m


REGISTRATION

John

JohnDoe@acme.com
oMoa3VvqnLxW
********************
?[1;31m
Start test 4?[0m


REGISTRATION

John
null
JohnDoe@acme.com
oMoa3VvqnLxW
********************
?[1;31m
Start test 5?[0m


REGISTRATION

John
Doe

oMoa3VvqnLxW
********************
?[1;31m
Start test 6?[0m


REGISTRATION

John
Doe
null
oMoa3VvqnLxW
********************
?[1;31m
Start test 7?[0m


REGISTRATION

John
Doe
JohnDoe@acme.com

********************
?[1;31m
Start test 8?[0m


REGISTRATION

John
Doe
JohnDoe@acme.com
null
********************
?[1;31m
Start test 9?[0m


REGISTRATION

John
Doe
johndoeacme.com
oMoa3VvqnLxW
********************
?[1;31m
Start test 10?[0m


REGISTRATION

John
Doe
johndoe@google.com
oMoa3VvqnLxW
********************
?[1;31m
Start test 11?[0m


REGISTRATION

John
Doe
JohnDoe@acme.com
PasswordForJanuary
********************
Hibernate: select count(*) as col_0_0_ from user user0_ where user0_.email=?


REGISTRATION

John
Doe
JohnDoe@acme.com
PasswordForFebruary
********************
Hibernate: select count(*) as col_0_0_ from user user0_ where user0_.email=?


REGISTRATION

John
Doe
JohnDoe@acme.com
PasswordForMarch
********************
Hibernate: select count(*) as col_0_0_ from user user0_ where user0_.email=?


REGISTRATION

John
Doe
JohnDoe@acme.com
PasswordForApril
********************
Hibernate: select count(*) as col_0_0_ from user user0_ where user0_.email=?


REGISTRATION

John
Doe
JohnDoe@acme.com
PasswordForMay
********************
Hibernate: select count(*) as col_0_0_ from user user0_ where user0_.email=?


REGISTRATION

John
Doe
JohnDoe@acme.com
PasswordForJune
********************
Hibernate: select count(*) as col_0_0_ from user user0_ where user0_.email=?


REGISTRATION

John
Doe
JohnDoe@acme.com
PasswordForJuly
********************
Hibernate: select count(*) as col_0_0_ from user user0_ where user0_.email=?


REGISTRATION

John
Doe
JohnDoe@acme.com
PasswordForAugust
********************
Hibernate: select count(*) as col_0_0_ from user user0_ where user0_.email=?


REGISTRATION

John
Doe
JohnDoe@acme.com
PasswordForSeptember
********************
Hibernate: select count(*) as col_0_0_ from user user0_ where user0_.email=?


REGISTRATION

John
Doe
JohnDoe@acme.com
PasswordForOctober
********************
Hibernate: select count(*) as col_0_0_ from user user0_ where user0_.email=?


REGISTRATION

John
Doe
JohnDoe@acme.com
PasswordForNovember
********************
Hibernate: select count(*) as col_0_0_ from user user0_ where user0_.email=?


REGISTRATION

John
Doe
JohnDoe@acme.com
PasswordForDecember
********************
Hibernate: select count(*) as col_0_0_ from user user0_ where user0_.email=?
?[1;31m
Start test 12?[0m


REGISTRATION

John
Doe
JohnDoe@acme.com
oMoa3VvqnLxW
********************
Hibernate: select count(*) as col_0_0_ from user user0_ where user0_.email=?
SAVED!!!

Hibernate: select user0_.email as email1_2_1_, user0_.id as id2_2_1_, user0_.lastname as lastname3_2_1_, user0_.months as months4_2_1_, user0_.name as name5_2_1_, user0_.idd as idd7_2_1_, user0_.password as password6_2_1_, generalseq1_.number as number1_0_0_ from user user0_ left outer join id generalseq1_ on user0_.idd=generalseq1_.number where user0_.email=?
Hibernate: call next value for hibernate_sequence
Hibernate: insert into id (number) values (?)
Hibernate: insert into user (id, lastname, months, name, idd, password, email) values (?, ?, ?, ?, ?, ?, ?)
Hibernate: update user set id=?, lastname=?, months=?, name=?, idd=?, password=? where email=?
]]></system-out>
  <system-err><![CDATA[]]></system-err>
</testsuite>
